[0225/153658.905:ERROR:process_memory_win.cc(73)] ReadMemory at 0x1422a4b33d0 of 6656 bytes failed: 仅完成部分的 ReadProcessMemory 或 WriteProcessMemory 请求。 (0x12B)
[0225/153658.909:ERROR:process_snapshot_win.cc(322)] failed to read unloaded module data
[0225/153658.914:ERROR:process_memory_win.cc(73)] ReadMemory at 0x7ff6490f0000 of 64 bytes failed: 仅完成部分的 ReadProcessMemory 或 WriteProcessMemory 请求。 (0x12B)
[0225/153658.914:WARNING:pe_image_reader.cc(340)] could not read dos header from C:\Program Files (x86)\Google\Chrome\Application\chrome.exe
[0225/153658.914:ERROR:process_memory_win.cc(73)] ReadMemory at 0x7ff817540000 of 64 bytes failed: 仅完成部分的 ReadProcessMemory 或 WriteProcessMemory 请求。 (0x12B)
[0225/153658.914:WARNING:pe_image_reader.cc(340)] could not read dos header from C:\Windows\SYSTEM32\ntdll.dll
[0225/153658.914:ERROR:process_memory_win.cc(73)] ReadMemory at 0x7ff814f20000 of 64 bytes failed: 仅完成部分的 ReadProcessMemory 或 WriteProcessMemory 请求。 (0x12B)
[0225/153658.914:WARNING:pe_image_reader.cc(340)] could not read dos header from C:\Windows\System32\KERNEL32.DLL
[0225/153658.915:ERROR:process_memory_win.cc(73)] ReadMemory at 0x7ff814020000 of 64 bytes failed: 仅完成部分的 ReadProcessMemory 或 WriteProcessMemory 请求。 (0x12B)
[0225/153658.915:WARNING:pe_image_reader.cc(340)] could not read dos header from C:\Windows\System32\KERNELBASE.dll
[0225/153658.915:ERROR:process_memory_win.cc(73)] ReadMemory at 0x7fffc1180000 of 64 bytes failed: 仅完成部分的 ReadProcessMemory 或 WriteProcessMemory 请求。 (0x12B)
[0225/153658.915:WARNING:pe_image_reader.cc(340)] could not read dos header from C:\Program Files (x86)\Google\Chrome\Application\79.0.3945.130\chrome_elf.dll
[0225/153658.915:ERROR:process_memory_win.cc(73)] ReadMemory at 0x7ff801850000 of 64 bytes failed: 仅完成部分的 ReadProcessMemory 或 WriteProcessMemory 请求。 (0x12B)
[0225/153658.915:WARNING:pe_image_reader.cc(340)] could not read dos header from C:\Windows\SYSTEM32\VERSION.dll
[0225/153658.915:ERROR:process_memory_win.cc(73)] ReadMemory at 0x7ff814970000 of 64 bytes failed: 仅完成部分的 ReadProcessMemory 或 WriteProcessMemory 请求。 (0x12B)
[0225/153658.915:WARNING:pe_image_reader.cc(340)] could not read dos header from C:\Windows\System32\msvcrt.dll
[0225/153658.915:ERROR:process_memory_win.cc(73)] ReadMemory at 0x7ff814350000 of 64 bytes failed: 仅完成部分的 ReadProcessMemory 或 WriteProcessMemory 请求。 (0x12B)
[0225/153658.915:WARNING:pe_image_reader.cc(340)] could not read dos header from C:\Windows\System32\bcryptPrimitives.dll
[0225/153658.915:ERROR:process_memory_win.cc(73)] ReadMemory at 0x7ff815150000 of 64 bytes failed: 仅完成部分的 ReadProcessMemory 或 WriteProcessMemory 请求。 (0x12B)
[0225/153658.915:WARNING:pe_image_reader.cc(340)] could not read dos header from C:\Windows\System32\ADVAPI32.dll
[0225/153658.915:ERROR:process_memory_win.cc(73)] ReadMemory at 0x7ff8157c0000 of 64 bytes failed: 仅完成部分的 ReadProcessMemory 或 WriteProcessMemory 请求。 (0x12B)
[0225/153658.915:WARNING:pe_image_reader.cc(340)] could not read dos header from C:\Windows\System32\sechost.dll
[0225/153658.915:ERROR:process_memory_win.cc(73)] ReadMemory at 0x7ff8154c0000 of 64 bytes failed: 仅完成部分的 ReadProcessMemory 或 WriteProcessMemory 请求。 (0x12B)
[0225/153658.915:WARNING:pe_image_reader.cc(340)] could not read dos header from C:\Windows\System32\RPCRT4.dll
[0225/153658.915:ERROR:process_memory_win.cc(73)] ReadMemory at 0x7fffb5420000 of 64 bytes failed: 仅完成部分的 ReadProcessMemory 或 WriteProcessMemory 请求。 (0x12B)
[0225/153658.915:WARNING:pe_image_reader.cc(340)] could not read dos header from C:\Program Files (x86)\Google\Chrome\Application\79.0.3945.130\chrome_child.dll
[0225/153658.915:ERROR:process_memory_win.cc(73)] ReadMemory at 0x7ff8170b0000 of 64 bytes failed: 仅完成部分的 ReadProcessMemory 或 WriteProcessMemory 请求。 (0x12B)
[0225/153658.915:WARNING:pe_image_reader.cc(340)] could not read dos header from C:\Windows\System32\OLEAUT32.dll
[0225/153658.915:ERROR:process_memory_win.cc(73)] ReadMemory at 0x7ff814520000 of 64 bytes failed: 仅完成部分的 ReadProcessMemory 或 WriteProcessMemory 请求。 (0x12B)
[0225/153658.915:WARNING:pe_image_reader.cc(340)] could not read dos header from C:\Windows\System32\msvcp_win.dll
[0225/153658.915:ERROR:process_memory_win.cc(73)] ReadMemory at 0x7ff8143d0000 of 64 bytes failed: 仅完成部分的 ReadProcessMemory 或 WriteProcessMemory 请求。 (0x12B)
[0225/153658.915:WARNING:pe_image_reader.cc(340)] could not read dos header from C:\Windows\System32\ucrtbase.dll
[0225/153658.915:ERROR:process_memory_win.cc(73)] ReadMemory at 0x7ff817180000 of 64 bytes failed: 仅完成部分的 ReadProcessMemory 或 WriteProcessMemory 请求。 (0x12B)
[0225/153658.915:WARNING:pe_image_reader.cc(340)] could not read dos header from C:\Windows\System32\combase.dll
[0225/153658.915:ERROR:process_memory_win.cc(73)] ReadMemory at 0x7ff815750000 of 64 bytes failed: 仅完成部分的 ReadProcessMemory 或 WriteProcessMemory 请求。 (0x12B)
[0225/153658.915:WARNING:pe_image_reader.cc(340)] could not read dos header from C:\Windows\System32\WS2_32.dll
[0225/153658.915:ERROR:process_memory_win.cc(73)] ReadMemory at 0x7ff8142c0000 of 64 bytes failed: 仅完成部分的 ReadProcessMemory 或 WriteProcessMemory 请求。 (0x12B)
[0225/153658.915:WARNING:pe_image_reader.cc(340)] could not read dos header from C:\Windows\System32\WINTRUST.dll
[0225/153658.915:ERROR:process_memory_win.cc(73)] ReadMemory at 0x7ff813550000 of 64 bytes failed: 仅完成部分的 ReadProcessMemory 或 WriteProcessMemory 请求。 (0x12B)
[0225/153658.915:WARNING:pe_image_reader.cc(340)] could not read dos header from C:\Windows\System32\MSASN1.dll
[0225/153658.915:ERROR:process_memory_win.cc(73)] ReadMemory at 0x7ff813600000 of 64 bytes failed: 仅完成部分的 ReadProcessMemory 或 WriteProcessMemory 请求。 (0x12B)
[0225/153658.915:WARNING:pe_image_reader.cc(340)] could not read dos header from C:\Windows\System32\CRYPT32.dll
[0225/153658.915:ERROR:process_memory_win.cc(73)] ReadMemory at 0x7ff812ac0000 of 64 bytes failed: 仅完成部分的 ReadProcessMemory 或 WriteProcessMemory 请求。 (0x12B)
[0225/153658.915:WARNING:pe_image_reader.cc(340)] could not read dos header from C:\Windows\SYSTEM32\IPHLPAPI.DLL
[0225/153658.915:ERROR:process_memory_win.cc(73)] ReadMemory at 0x7ff80ccc0000 of 64 bytes failed: 仅完成部分的 ReadProcessMemory 或 WriteProcessMemory 请求。 (0x12B)
[0225/153658.915:WARNING:pe_image_reader.cc(340)] could not read dos header from C:\Windows\SYSTEM32\WINMM.dll
[0225/153658.915:ERROR:process_memory_win.cc(73)] ReadMemory at 0x7ff813460000 of 64 bytes failed: 仅完成部分的 ReadProcessMemory 或 WriteProcessMemory 请求。 (0x12B)
[0225/153658.915:WARNING:pe_image_reader.cc(340)] could not read dos header from C:\Windows\SYSTEM32\USERENV.dll
[0225/153658.915:ERROR:process_memory_win.cc(73)] ReadMemory at 0x7ff813570000 of 64 bytes failed: 仅完成部分的 ReadProcessMemory 或 WriteProcessMemory 请求。 (0x12B)
[0225/153658.915:WARNING:pe_image_reader.cc(340)] could not read dos header from C:\Windows\System32\profapi.dll
[0225/153658.915:ERROR:process_memory_win.cc(73)] ReadMemory at 0x7ffff41a0000 of 64 bytes failed: 仅完成部分的 ReadProcessMemory 或 WriteProcessMemory 请求。 (0x12B)
[0225/153658.915:WARNING:pe_image_reader.cc(340)] could not read dos header from C:\Windows\SYSTEM32\DWrite.dll
[0225/153658.915:ERROR:process_memory_win.cc(73)] ReadMemory at 0x7ffff6cf0000 of 64 bytes failed: 仅完成部分的 ReadProcessMemory 或 WriteProcessMemory 请求。 (0x12B)
[0225/153658.915:WARNING:pe_image_reader.cc(340)] could not read dos header from C:\Windows\SYSTEM32\WINSPOOL.DRV
[0225/153658.915:ERROR:process_memory_win.cc(73)] ReadMemory at 0x7ff813530000 of 64 bytes failed: 仅完成部分的 ReadProcessMemory 或 WriteProcessMemory 请求。 (0x12B)
[0225/153658.915:WARNING:pe_image_reader.cc(340)] could not read dos header from C:\Windows\System32\kernel.appcore.dll
[0225/153658.916:ERROR:process_memory_win.cc(73)] ReadMemory at 0x7ff814320000 of 64 bytes failed: 仅完成部分的 ReadProcessMemory 或 WriteProcessMemory 请求。 (0x12B)
[0225/153658.916:WARNING:pe_image_reader.cc(340)] could not read dos header from C:\Windows\System32\bcrypt.dll
[0225/153658.916:ERROR:process_memory_win.cc(73)] ReadMemory at 0x7ff811ef0000 of 64 bytes failed: 仅完成部分的 ReadProcessMemory 或 WriteProcessMemory 请求。 (0x12B)
[0225/153658.916:WARNING:pe_image_reader.cc(340)] could not read dos header from C:\Windows\SYSTEM32\dbghelp.dll
[0225/153658.916:ERROR:process_memory_win.cc(73)] ReadMemory at 0x7ffff8220000 of 64 bytes failed: 仅完成部分的 ReadProcessMemory 或 WriteProcessMemory 请求。 (0x12B)
[0225/153658.916:WARNING:pe_image_reader.cc(340)] could not read dos header from C:\Windows\SYSTEM32\Secur32.dll
[0225/153658.916:ERROR:process_memory_win.cc(73)] ReadMemory at 0x7ff808250000 of 64 bytes failed: 仅完成部分的 ReadProcessMemory 或 WriteProcessMemory 请求。 (0x12B)
[0225/153658.916:WARNING:pe_image_reader.cc(340)] could not read dos header from C:\Windows\SYSTEM32\WINHTTP.dll
[0225/153658.916:ERROR:process_memory_win.cc(73)] ReadMemory at 0x7ff804f10000 of 64 bytes failed: 仅完成部分的 ReadProcessMemory 或 WriteProcessMemory 请求。 (0x12B)
[0225/153658.916:WARNING:pe_image_reader.cc(340)] could not read dos header from C:\Windows\SYSTEM32\dhcpcsvc.DLL
[0225/153658.916:ERROR:process_memory_win.cc(73)] ReadMemory at 0x7ff815740000 of 64 bytes failed: 仅完成部分的 ReadProcessMemory 或 WriteProcessMemory 请求。 (0x12B)
[0225/153658.916:WARNING:pe_image_reader.cc(340)] could not read dos header from C:\Windows\System32\NSI.dll
[0225/153658.916:ERROR:process_memory_win.cc(73)] ReadMemory at 0x7ff80cc90000 of 64 bytes failed: 仅完成部分的 ReadProcessMemory 或 WriteProcessMemory 请求。 (0x12B)
[0225/153658.916:WARNING:pe_image_reader.cc(340)] could not read dos header from C:\Windows\SYSTEM32\WINMMBASE.dll
[0225/153658.916:ERROR:process_memory_win.cc(73)] ReadMemory at 0x7ff8144d0000 of 64 bytes failed: 仅完成部分的 ReadProcessMemory 或 WriteProcessMemory 请求。 (0x12B)
[0225/153658.916:WARNING:pe_image_reader.cc(340)] could not read dos header from C:\Windows\System32\cfgmgr32.dll
[0225/153658.916:ERROR:process_memory_win.cc(73)] ReadMemory at 0x7ff811120000 of 64 bytes failed: 仅完成部分的 ReadProcessMemory 或 WriteProcessMemory 请求。 (0x12B)
[0225/153658.916:WARNING:pe_image_reader.cc(340)] could not read dos header from C:\Windows\SYSTEM32\PROPSYS.dll
[0225/153658.916:ERROR:process_memory_win.cc(73)] ReadMemory at 0x7ff815360000 of 64 bytes failed: 仅完成部分的 ReadProcessMemory 或 WriteProcessMemory 请求。 (0x12B)
[0225/153658.916:WARNING:pe_image_reader.cc(340)] could not read dos header from C:\Windows\System32\shcore.dll
[0225/153658.916:ERROR:process_memory_win.cc(73)] ReadMemory at 0x7ff813430000 of 64 bytes failed: 仅完成部分的 ReadProcessMemory 或 WriteProcessMemory 请求。 (0x12B)
[0225/153658.916:WARNING:pe_image_reader.cc(340)] could not read dos header from C:\Windows\SYSTEM32\SSPICLI.DLL
[0225/153658.916:ERROR:process_memory_win.cc(73)] ReadMemory at 0x7ff812f70000 of 64 bytes failed: 仅完成部分的 ReadProcessMemory 或 WriteProcessMemory 请求。 (0x12B)
[0225/153658.916:WARNING:pe_image_reader.cc(340)] could not read dos header from C:\Windows\SYSTEM32\CRYPTBASE.DLL
[0225/153658.916:ERROR:process_memory_win.cc(73)] ReadMemory at 0x7ff6490f0000 of 64 bytes failed: 仅完成部分的 ReadProcessMemory 或 WriteProcessMemory 请求。 (0x12B)
[0225/153658.916:WARNING:pe_image_reader.cc(340)] could not read dos header from C:\Program Files (x86)\Google\Chrome\Application\chrome.exe
[0225/153658.916:ERROR:process_memory_win.cc(73)] ReadMemory at 0x7ff6490f0000 of 64 bytes failed: 仅完成部分的 ReadProcessMemory 或 WriteProcessMemory 请求。 (0x12B)
[0225/153658.916:WARNING:pe_image_reader.cc(340)] could not read dos header from C:\Program Files (x86)\Google\Chrome\Application\chrome.exe
[0225/153658.916:ERROR:process_memory_win.cc(73)] ReadMemory at 0x7ff817540000 of 64 bytes failed: 仅完成部分的 ReadProcessMemory 或 WriteProcessMemory 请求。 (0x12B)
[0225/153658.916:WARNING:pe_image_reader.cc(340)] could not read dos header from C:\Windows\SYSTEM32\ntdll.dll
[0225/153658.916:ERROR:process_memory_win.cc(73)] ReadMemory at 0x7ff817540000 of 64 bytes failed: 仅完成部分的 ReadProcessMemory 或 WriteProcessMemory 请求。 (0x12B)
[0225/153658.916:WARNING:pe_image_reader.cc(340)] could not read dos header from C:\Windows\SYSTEM32\ntdll.dll
[0225/153658.916:ERROR:process_memory_win.cc(73)] ReadMemory at 0x7ff814f20000 of 64 bytes failed: 仅完成部分的 ReadProcessMemory 或 WriteProcessMemory 请求。 (0x12B)
[0225/153658.916:WARNING:pe_image_reader.cc(340)] could not read dos header from C:\Windows\System32\KERNEL32.DLL
[0225/153658.916:ERROR:process_memory_win.cc(73)] ReadMemory at 0x7ff814f20000 of 64 bytes failed: 仅完成部分的 ReadProcessMemory 或 WriteProcessMemory 请求。 (0x12B)
[0225/153658.916:WARNING:pe_image_reader.cc(340)] could not read dos header from C:\Windows\System32\KERNEL32.DLL
[0225/153658.916:ERROR:process_memory_win.cc(73)] ReadMemory at 0x7ff814020000 of 64 bytes failed: 仅完成部分的 ReadProcessMemory 或 WriteProcessMemory 请求。 (0x12B)
[0225/153658.916:WARNING:pe_image_reader.cc(340)] could not read dos header from C:\Windows\System32\KERNELBASE.dll
[0225/153658.916:ERROR:process_memory_win.cc(73)] ReadMemory at 0x7ff814020000 of 64 bytes failed: 仅完成部分的 ReadProcessMemory 或 WriteProcessMemory 请求。 (0x12B)
[0225/153658.916:WARNING:pe_image_reader.cc(340)] could not read dos header from C:\Windows\System32\KERNELBASE.dll
[0225/153658.916:ERROR:process_memory_win.cc(73)] ReadMemory at 0x7fffc1180000 of 64 bytes failed: 仅完成部分的 ReadProcessMemory 或 WriteProcessMemory 请求。 (0x12B)
[0225/153658.916:WARNING:pe_image_reader.cc(340)] could not read dos header from C:\Program Files (x86)\Google\Chrome\Application\79.0.3945.130\chrome_elf.dll
[0225/153658.916:ERROR:process_memory_win.cc(73)] ReadMemory at 0x7fffc1180000 of 64 bytes failed: 仅完成部分的 ReadProcessMemory 或 WriteProcessMemory 请求。 (0x12B)
[0225/153658.916:WARNING:pe_image_reader.cc(340)] could not read dos header from C:\Program Files (x86)\Google\Chrome\Application\79.0.3945.130\chrome_elf.dll
[0225/153658.916:ERROR:process_memory_win.cc(73)] ReadMemory at 0x7ff801850000 of 64 bytes failed: 仅完成部分的 ReadProcessMemory 或 WriteProcessMemory 请求。 (0x12B)
[0225/153658.916:WARNING:pe_image_reader.cc(340)] could not read dos header from C:\Windows\SYSTEM32\VERSION.dll
[0225/153658.917:ERROR:process_memory_win.cc(73)] ReadMemory at 0x7ff801850000 of 64 bytes failed: 仅完成部分的 ReadProcessMemory 或 WriteProcessMemory 请求。 (0x12B)
[0225/153658.917:WARNING:pe_image_reader.cc(340)] could not read dos header from C:\Windows\SYSTEM32\VERSION.dll
[0225/153658.917:ERROR:process_memory_win.cc(73)] ReadMemory at 0x7ff814970000 of 64 bytes failed: 仅完成部分的 ReadProcessMemory 或 WriteProcessMemory 请求。 (0x12B)
[0225/153658.917:WARNING:pe_image_reader.cc(340)] could not read dos header from C:\Windows\System32\msvcrt.dll
[0225/153658.917:ERROR:process_memory_win.cc(73)] ReadMemory at 0x7ff814970000 of 64 bytes failed: 仅完成部分的 ReadProcessMemory 或 WriteProcessMemory 请求。 (0x12B)
[0225/153658.917:WARNING:pe_image_reader.cc(340)] could not read dos header from C:\Windows\System32\msvcrt.dll
[0225/153658.917:ERROR:process_memory_win.cc(73)] ReadMemory at 0x7ff814350000 of 64 bytes failed: 仅完成部分的 ReadProcessMemory 或 WriteProcessMemory 请求。 (0x12B)
[0225/153658.917:WARNING:pe_image_reader.cc(340)] could not read dos header from C:\Windows\System32\bcryptPrimitives.dll
[0225/153658.917:ERROR:process_memory_win.cc(73)] ReadMemory at 0x7ff814350000 of 64 bytes failed: 仅完成部分的 ReadProcessMemory 或 WriteProcessMemory 请求。 (0x12B)
[0225/153658.917:WARNING:pe_image_reader.cc(340)] could not read dos header from C:\Windows\System32\bcryptPrimitives.dll
[0225/153658.917:ERROR:process_memory_win.cc(73)] ReadMemory at 0x7ff815150000 of 64 bytes failed: 仅完成部分的 ReadProcessMemory 或 WriteProcessMemory 请求。 (0x12B)
[0225/153658.917:WARNING:pe_image_reader.cc(340)] could not read dos header from C:\Windows\System32\ADVAPI32.dll
[0225/153658.917:ERROR:process_memory_win.cc(73)] ReadMemory at 0x7ff815150000 of 64 bytes failed: 仅完成部分的 ReadProcessMemory 或 WriteProcessMemory 请求。 (0x12B)
[0225/153658.917:WARNING:pe_image_reader.cc(340)] could not read dos header from C:\Windows\System32\ADVAPI32.dll
[0225/153658.917:ERROR:process_memory_win.cc(73)] ReadMemory at 0x7ff8157c0000 of 64 bytes failed: 仅完成部分的 ReadProcessMemory 或 WriteProcessMemory 请求。 (0x12B)
[0225/153658.917:WARNING:pe_image_reader.cc(340)] could not read dos header from C:\Windows\System32\sechost.dll
[0225/153658.917:ERROR:process_memory_win.cc(73)] ReadMemory at 0x7ff8157c0000 of 64 bytes failed: 仅完成部分的 ReadProcessMemory 或 WriteProcessMemory 请求。 (0x12B)
[0225/153658.917:WARNING:pe_image_reader.cc(340)] could not read dos header from C:\Windows\System32\sechost.dll
[0225/153658.917:ERROR:process_memory_win.cc(73)] ReadMemory at 0x7ff8154c0000 of 64 bytes failed: 仅完成部分的 ReadProcessMemory 或 WriteProcessMemory 请求。 (0x12B)
[0225/153658.917:WARNING:pe_image_reader.cc(340)] could not read dos header from C:\Windows\System32\RPCRT4.dll
[0225/153658.917:ERROR:process_memory_win.cc(73)] ReadMemory at 0x7ff8154c0000 of 64 bytes failed: 仅完成部分的 ReadProcessMemory 或 WriteProcessMemory 请求。 (0x12B)
[0225/153658.917:WARNING:pe_image_reader.cc(340)] could not read dos header from C:\Windows\System32\RPCRT4.dll
[0225/153658.917:ERROR:process_memory_win.cc(73)] ReadMemory at 0x7fffb5420000 of 64 bytes failed: 仅完成部分的 ReadProcessMemory 或 WriteProcessMemory 请求。 (0x12B)
[0225/153658.917:WARNING:pe_image_reader.cc(340)] could not read dos header from C:\Program Files (x86)\Google\Chrome\Application\79.0.3945.130\chrome_child.dll
[0225/153658.917:ERROR:process_memory_win.cc(73)] ReadMemory at 0x7fffb5420000 of 64 bytes failed: 仅完成部分的 ReadProcessMemory 或 WriteProcessMemory 请求。 (0x12B)
[0225/153658.917:WARNING:pe_image_reader.cc(340)] could not read dos header from C:\Program Files (x86)\Google\Chrome\Application\79.0.3945.130\chrome_child.dll
[0225/153658.917:ERROR:process_memory_win.cc(73)] ReadMemory at 0x7ff8170b0000 of 64 bytes failed: 仅完成部分的 ReadProcessMemory 或 WriteProcessMemory 请求。 (0x12B)
[0225/153658.917:WARNING:pe_image_reader.cc(340)] could not read dos header from C:\Windows\System32\OLEAUT32.dll
[0225/153658.917:ERROR:process_memory_win.cc(73)] ReadMemory at 0x7ff8170b0000 of 64 bytes failed: 仅完成部分的 ReadProcessMemory 或 WriteProcessMemory 请求。 (0x12B)
[0225/153658.917:WARNING:pe_image_reader.cc(340)] could not read dos header from C:\Windows\System32\OLEAUT32.dll
[0225/153658.917:ERROR:process_memory_win.cc(73)] ReadMemory at 0x7ff814520000 of 64 bytes failed: 仅完成部分的 ReadProcessMemory 或 WriteProcessMemory 请求。 (0x12B)
[0225/153658.917:WARNING:pe_image_reader.cc(340)] could not read dos header from C:\Windows\System32\msvcp_win.dll
[0225/153658.917:ERROR:process_memory_win.cc(73)] ReadMemory at 0x7ff814520000 of 64 bytes failed: 仅完成部分的 ReadProcessMemory 或 WriteProcessMemory 请求。 (0x12B)
[0225/153658.917:WARNING:pe_image_reader.cc(340)] could not read dos header from C:\Windows\System32\msvcp_win.dll
[0225/153658.917:ERROR:process_memory_win.cc(73)] ReadMemory at 0x7ff8143d0000 of 64 bytes failed: 仅完成部分的 ReadProcessMemory 或 WriteProcessMemory 请求。 (0x12B)
[0225/153658.917:WARNING:pe_image_reader.cc(340)] could not read dos header from C:\Windows\System32\ucrtbase.dll
[0225/153658.917:ERROR:process_memory_win.cc(73)] ReadMemory at 0x7ff8143d0000 of 64 bytes failed: 仅完成部分的 ReadProcessMemory 或 WriteProcessMemory 请求。 (0x12B)
[0225/153658.917:WARNING:pe_image_reader.cc(340)] could not read dos header from C:\Windows\System32\ucrtbase.dll
[0225/153658.917:ERROR:process_memory_win.cc(73)] ReadMemory at 0x7ff817180000 of 64 bytes failed: 仅完成部分的 ReadProcessMemory 或 WriteProcessMemory 请求。 (0x12B)
[0225/153658.917:WARNING:pe_image_reader.cc(340)] could not read dos header from C:\Windows\System32\combase.dll
[0225/153658.917:ERROR:process_memory_win.cc(73)] ReadMemory at 0x7ff817180000 of 64 bytes failed: 仅完成部分的 ReadProcessMemory 或 WriteProcessMemory 请求。 (0x12B)
[0225/153658.917:WARNING:pe_image_reader.cc(340)] could not read dos header from C:\Windows\System32\combase.dll
[0225/153658.917:ERROR:process_memory_win.cc(73)] ReadMemory at 0x7ff815750000 of 64 bytes failed: 仅完成部分的 ReadProcessMemory 或 WriteProcessMemory 请求。 (0x12B)
[0225/153658.917:WARNING:pe_image_reader.cc(340)] could not read dos header from C:\Windows\System32\WS2_32.dll
[0225/153658.917:ERROR:process_memory_win.cc(73)] ReadMemory at 0x7ff815750000 of 64 bytes failed: 仅完成部分的 ReadProcessMemory 或 WriteProcessMemory 请求。 (0x12B)
[0225/153658.917:WARNING:pe_image_reader.cc(340)] could not read dos header from C:\Windows\System32\WS2_32.dll
[0225/153658.917:ERROR:process_memory_win.cc(73)] ReadMemory at 0x7ff8142c0000 of 64 bytes failed: 仅完成部分的 ReadProcessMemory 或 WriteProcessMemory 请求。 (0x12B)
[0225/153658.917:WARNING:pe_image_reader.cc(340)] could not read dos header from C:\Windows\System32\WINTRUST.dll
[0225/153658.917:ERROR:process_memory_win.cc(73)] ReadMemory at 0x7ff8142c0000 of 64 bytes failed: 仅完成部分的 ReadProcessMemory 或 WriteProcessMemory 请求。 (0x12B)
[0225/153658.917:WARNING:pe_image_reader.cc(340)] could not read dos header from C:\Windows\System32\WINTRUST.dll
[0225/153658.917:ERROR:process_memory_win.cc(73)] ReadMemory at 0x7ff813550000 of 64 bytes failed: 仅完成部分的 ReadProcessMemory 或 WriteProcessMemory 请求。 (0x12B)
[0225/153658.917:WARNING:pe_image_reader.cc(340)] could not read dos header from C:\Windows\System32\MSASN1.dll
[0225/153658.917:ERROR:process_memory_win.cc(73)] ReadMemory at 0x7ff813550000 of 64 bytes failed: 仅完成部分的 ReadProcessMemory 或 WriteProcessMemory 请求。 (0x12B)
[0225/153658.917:WARNING:pe_image_reader.cc(340)] could not read dos header from C:\Windows\System32\MSASN1.dll
[0225/153658.918:ERROR:process_memory_win.cc(73)] ReadMemory at 0x7ff813600000 of 64 bytes failed: 仅完成部分的 ReadProcessMemory 或 WriteProcessMemory 请求。 (0x12B)
[0225/153658.918:WARNING:pe_image_reader.cc(340)] could not read dos header from C:\Windows\System32\CRYPT32.dll
[0225/153658.918:ERROR:process_memory_win.cc(73)] ReadMemory at 0x7ff813600000 of 64 bytes failed: 仅完成部分的 ReadProcessMemory 或 WriteProcessMemory 请求。 (0x12B)
[0225/153658.918:WARNING:pe_image_reader.cc(340)] could not read dos header from C:\Windows\System32\CRYPT32.dll
[0225/153658.918:ERROR:process_memory_win.cc(73)] ReadMemory at 0x7ff812ac0000 of 64 bytes failed: 仅完成部分的 ReadProcessMemory 或 WriteProcessMemory 请求。 (0x12B)
[0225/153658.918:WARNING:pe_image_reader.cc(340)] could not read dos header from C:\Windows\SYSTEM32\IPHLPAPI.DLL
[0225/153658.918:ERROR:process_memory_win.cc(73)] ReadMemory at 0x7ff812ac0000 of 64 bytes failed: 仅完成部分的 ReadProcessMemory 或 WriteProcessMemory 请求。 (0x12B)
[0225/153658.918:WARNING:pe_image_reader.cc(340)] could not read dos header from C:\Windows\SYSTEM32\IPHLPAPI.DLL
[0225/153658.918:ERROR:process_memory_win.cc(73)] ReadMemory at 0x7ff80ccc0000 of 64 bytes failed: 仅完成部分的 ReadProcessMemory 或 WriteProcessMemory 请求。 (0x12B)
[0225/153658.918:WARNING:pe_image_reader.cc(340)] could not read dos header from C:\Windows\SYSTEM32\WINMM.dll
[0225/153658.918:ERROR:process_memory_win.cc(73)] ReadMemory at 0x7ff80ccc0000 of 64 bytes failed: 仅完成部分的 ReadProcessMemory 或 WriteProcessMemory 请求。 (0x12B)
[0225/153658.918:WARNING:pe_image_reader.cc(340)] could not read dos header from C:\Windows\SYSTEM32\WINMM.dll
[0225/153658.918:ERROR:process_memory_win.cc(73)] ReadMemory at 0x7ff813460000 of 64 bytes failed: 仅完成部分的 ReadProcessMemory 或 WriteProcessMemory 请求。 (0x12B)
[0225/153658.918:WARNING:pe_image_reader.cc(340)] could not read dos header from C:\Windows\SYSTEM32\USERENV.dll
[0225/153658.918:ERROR:process_memory_win.cc(73)] ReadMemory at 0x7ff813460000 of 64 bytes failed: 仅完成部分的 ReadProcessMemory 或 WriteProcessMemory 请求。 (0x12B)
[0225/153658.918:WARNING:pe_image_reader.cc(340)] could not read dos header from C:\Windows\SYSTEM32\USERENV.dll
[0225/153658.918:ERROR:process_memory_win.cc(73)] ReadMemory at 0x7ff813570000 of 64 bytes failed: 仅完成部分的 ReadProcessMemory 或 WriteProcessMemory 请求。 (0x12B)
[0225/153658.918:WARNING:pe_image_reader.cc(340)] could not read dos header from C:\Windows\System32\profapi.dll
[0225/153658.918:ERROR:process_memory_win.cc(73)] ReadMemory at 0x7ff813570000 of 64 bytes failed: 仅完成部分的 ReadProcessMemory 或 WriteProcessMemory 请求。 (0x12B)
[0225/153658.918:WARNING:pe_image_reader.cc(340)] could not read dos header from C:\Windows\System32\profapi.dll
[0225/153658.918:ERROR:process_memory_win.cc(73)] ReadMemory at 0x7ffff41a0000 of 64 bytes failed: 仅完成部分的 ReadProcessMemory 或 WriteProcessMemory 请求。 (0x12B)
[0225/153658.918:WARNING:pe_image_reader.cc(340)] could not read dos header from C:\Windows\SYSTEM32\DWrite.dll
[0225/153658.918:ERROR:process_memory_win.cc(73)] ReadMemory at 0x7ffff41a0000 of 64 bytes failed: 仅完成部分的 ReadProcessMemory 或 WriteProcessMemory 请求。 (0x12B)
[0225/153658.918:WARNING:pe_image_reader.cc(340)] could not read dos header from C:\Windows\SYSTEM32\DWrite.dll
[0225/153658.918:ERROR:process_memory_win.cc(73)] ReadMemory at 0x7ffff6cf0000 of 64 bytes failed: 仅完成部分的 ReadProcessMemory 或 WriteProcessMemory 请求。 (0x12B)
[0225/153658.918:WARNING:pe_image_reader.cc(340)] could not read dos header from C:\Windows\SYSTEM32\WINSPOOL.DRV
[0225/153658.918:ERROR:process_memory_win.cc(73)] ReadMemory at 0x7ffff6cf0000 of 64 bytes failed: 仅完成部分的 ReadProcessMemory 或 WriteProcessMemory 请求。 (0x12B)
[0225/153658.918:WARNING:pe_image_reader.cc(340)] could not read dos header from C:\Windows\SYSTEM32\WINSPOOL.DRV
[0225/153658.918:ERROR:process_memory_win.cc(73)] ReadMemory at 0x7ff813530000 of 64 bytes failed: 仅完成部分的 ReadProcessMemory 或 WriteProcessMemory 请求。 (0x12B)
[0225/153658.918:WARNING:pe_image_reader.cc(340)] could not read dos header from C:\Windows\System32\kernel.appcore.dll
[0225/153658.918:ERROR:process_memory_win.cc(73)] ReadMemory at 0x7ff813530000 of 64 bytes failed: 仅完成部分的 ReadProcessMemory 或 WriteProcessMemory 请求。 (0x12B)
[0225/153658.918:WARNING:pe_image_reader.cc(340)] could not read dos header from C:\Windows\System32\kernel.appcore.dll
[0225/153658.918:ERROR:process_memory_win.cc(73)] ReadMemory at 0x7ff814320000 of 64 bytes failed: 仅完成部分的 ReadProcessMemory 或 WriteProcessMemory 请求。 (0x12B)
[0225/153658.918:WARNING:pe_image_reader.cc(340)] could not read dos header from C:\Windows\System32\bcrypt.dll
[0225/153658.918:ERROR:process_memory_win.cc(73)] ReadMemory at 0x7ff814320000 of 64 bytes failed: 仅完成部分的 ReadProcessMemory 或 WriteProcessMemory 请求。 (0x12B)
[0225/153658.918:WARNING:pe_image_reader.cc(340)] could not read dos header from C:\Windows\System32\bcrypt.dll
[0225/153658.918:ERROR:process_memory_win.cc(73)] ReadMemory at 0x7ff811ef0000 of 64 bytes failed: 仅完成部分的 ReadProcessMemory 或 WriteProcessMemory 请求。 (0x12B)
[0225/153658.918:WARNING:pe_image_reader.cc(340)] could not read dos header from C:\Windows\SYSTEM32\dbghelp.dll
[0225/153658.918:ERROR:process_memory_win.cc(73)] ReadMemory at 0x7ff811ef0000 of 64 bytes failed: 仅完成部分的 ReadProcessMemory 或 WriteProcessMemory 请求。 (0x12B)
[0225/153658.918:WARNING:pe_image_reader.cc(340)] could not read dos header from C:\Windows\SYSTEM32\dbghelp.dll
[0225/153658.918:ERROR:process_memory_win.cc(73)] ReadMemory at 0x7ffff8220000 of 64 bytes failed: 仅完成部分的 ReadProcessMemory 或 WriteProcessMemory 请求。 (0x12B)
[0225/153658.918:WARNING:pe_image_reader.cc(340)] could not read dos header from C:\Windows\SYSTEM32\Secur32.dll
[0225/153658.918:ERROR:process_memory_win.cc(73)] ReadMemory at 0x7ffff8220000 of 64 bytes failed: 仅完成部分的 ReadProcessMemory 或 WriteProcessMemory 请求。 (0x12B)
[0225/153658.918:WARNING:pe_image_reader.cc(340)] could not read dos header from C:\Windows\SYSTEM32\Secur32.dll
[0225/153658.918:ERROR:process_memory_win.cc(73)] ReadMemory at 0x7ff808250000 of 64 bytes failed: 仅完成部分的 ReadProcessMemory 或 WriteProcessMemory 请求。 (0x12B)
[0225/153658.918:WARNING:pe_image_reader.cc(340)] could not read dos header from C:\Windows\SYSTEM32\WINHTTP.dll
[0225/153658.918:ERROR:process_memory_win.cc(73)] ReadMemory at 0x7ff808250000 of 64 bytes failed: 仅完成部分的 ReadProcessMemory 或 WriteProcessMemory 请求。 (0x12B)
[0225/153658.918:WARNING:pe_image_reader.cc(340)] could not read dos header from C:\Windows\SYSTEM32\WINHTTP.dll
[0225/153658.918:ERROR:process_memory_win.cc(73)] ReadMemory at 0x7ff804f10000 of 64 bytes failed: 仅完成部分的 ReadProcessMemory 或 WriteProcessMemory 请求。 (0x12B)
[0225/153658.918:WARNING:pe_image_reader.cc(340)] could not read dos header from C:\Windows\SYSTEM32\dhcpcsvc.DLL
[0225/153658.919:ERROR:process_memory_win.cc(73)] ReadMemory at 0x7ff804f10000 of 64 bytes failed: 仅完成部分的 ReadProcessMemory 或 WriteProcessMemory 请求。 (0x12B)
[0225/153658.919:WARNING:pe_image_reader.cc(340)] could not read dos header from C:\Windows\SYSTEM32\dhcpcsvc.DLL
[0225/153658.919:ERROR:process_memory_win.cc(73)] ReadMemory at 0x7ff815740000 of 64 bytes failed: 仅完成部分的 ReadProcessMemory 或 WriteProcessMemory 请求。 (0x12B)
[0225/153658.919:WARNING:pe_image_reader.cc(340)] could not read dos header from C:\Windows\System32\NSI.dll
[0225/153658.919:ERROR:process_memory_win.cc(73)] ReadMemory at 0x7ff815740000 of 64 bytes failed: 仅完成部分的 ReadProcessMemory 或 WriteProcessMemory 请求。 (0x12B)
[0225/153658.919:WARNING:pe_image_reader.cc(340)] could not read dos header from C:\Windows\System32\NSI.dll
[0225/153658.919:ERROR:process_memory_win.cc(73)] ReadMemory at 0x7ff80cc90000 of 64 bytes failed: 仅完成部分的 ReadProcessMemory 或 WriteProcessMemory 请求。 (0x12B)
[0225/153658.919:WARNING:pe_image_reader.cc(340)] could not read dos header from C:\Windows\SYSTEM32\WINMMBASE.dll
[0225/153658.919:ERROR:process_memory_win.cc(73)] ReadMemory at 0x7ff80cc90000 of 64 bytes failed: 仅完成部分的 ReadProcessMemory 或 WriteProcessMemory 请求。 (0x12B)
[0225/153658.919:WARNING:pe_image_reader.cc(340)] could not read dos header from C:\Windows\SYSTEM32\WINMMBASE.dll
[0225/153658.919:ERROR:process_memory_win.cc(73)] ReadMemory at 0x7ff8144d0000 of 64 bytes failed: 仅完成部分的 ReadProcessMemory 或 WriteProcessMemory 请求。 (0x12B)
[0225/153658.919:WARNING:pe_image_reader.cc(340)] could not read dos header from C:\Windows\System32\cfgmgr32.dll
[0225/153658.919:ERROR:process_memory_win.cc(73)] ReadMemory at 0x7ff8144d0000 of 64 bytes failed: 仅完成部分的 ReadProcessMemory 或 WriteProcessMemory 请求。 (0x12B)
[0225/153658.919:WARNING:pe_image_reader.cc(340)] could not read dos header from C:\Windows\System32\cfgmgr32.dll
[0225/153658.919:ERROR:process_memory_win.cc(73)] ReadMemory at 0x7ff811120000 of 64 bytes failed: 仅完成部分的 ReadProcessMemory 或 WriteProcessMemory 请求。 (0x12B)
[0225/153658.919:WARNING:pe_image_reader.cc(340)] could not read dos header from C:\Windows\SYSTEM32\PROPSYS.dll
[0225/153658.919:ERROR:process_memory_win.cc(73)] ReadMemory at 0x7ff811120000 of 64 bytes failed: 仅完成部分的 ReadProcessMemory 或 WriteProcessMemory 请求。 (0x12B)
[0225/153658.919:WARNING:pe_image_reader.cc(340)] could not read dos header from C:\Windows\SYSTEM32\PROPSYS.dll
[0225/153658.919:ERROR:process_memory_win.cc(73)] ReadMemory at 0x7ff815360000 of 64 bytes failed: 仅完成部分的 ReadProcessMemory 或 WriteProcessMemory 请求。 (0x12B)
[0225/153658.919:WARNING:pe_image_reader.cc(340)] could not read dos header from C:\Windows\System32\shcore.dll
[0225/153658.919:ERROR:process_memory_win.cc(73)] ReadMemory at 0x7ff815360000 of 64 bytes failed: 仅完成部分的 ReadProcessMemory 或 WriteProcessMemory 请求。 (0x12B)
[0225/153658.919:WARNING:pe_image_reader.cc(340)] could not read dos header from C:\Windows\System32\shcore.dll
[0225/153658.919:ERROR:process_memory_win.cc(73)] ReadMemory at 0x7ff813430000 of 64 bytes failed: 仅完成部分的 ReadProcessMemory 或 WriteProcessMemory 请求。 (0x12B)
[0225/153658.919:WARNING:pe_image_reader.cc(340)] could not read dos header from C:\Windows\SYSTEM32\SSPICLI.DLL
[0225/153658.919:ERROR:process_memory_win.cc(73)] ReadMemory at 0x7ff813430000 of 64 bytes failed: 仅完成部分的 ReadProcessMemory 或 WriteProcessMemory 请求。 (0x12B)
[0225/153658.919:WARNING:pe_image_reader.cc(340)] could not read dos header from C:\Windows\SYSTEM32\SSPICLI.DLL
[0225/153658.919:ERROR:process_memory_win.cc(73)] ReadMemory at 0x7ff812f70000 of 64 bytes failed: 仅完成部分的 ReadProcessMemory 或 WriteProcessMemory 请求。 (0x12B)
[0225/153658.919:WARNING:pe_image_reader.cc(340)] could not read dos header from C:\Windows\SYSTEM32\CRYPTBASE.DLL
[0225/153658.919:ERROR:process_memory_win.cc(73)] ReadMemory at 0x7ff812f70000 of 64 bytes failed: 仅完成部分的 ReadProcessMemory 或 WriteProcessMemory 请求。 (0x12B)
[0225/153658.919:WARNING:pe_image_reader.cc(340)] could not read dos header from C:\Windows\SYSTEM32\CRYPTBASE.DLL
[0225/153659.014:ERROR:process_memory_win.cc(73)] ReadMemory at 0x7ff6490f0000 of 64 bytes failed: 仅完成部分的 ReadProcessMemory 或 WriteProcessMemory 请求。 (0x12B)
[0225/153659.014:WARNING:pe_image_reader.cc(340)] could not read dos header from C:\Program Files (x86)\Google\Chrome\Application\chrome.exe
[0225/153659.014:ERROR:process_memory_win.cc(73)] ReadMemory at 0x7ff817540000 of 64 bytes failed: 仅完成部分的 ReadProcessMemory 或 WriteProcessMemory 请求。 (0x12B)
[0225/153659.014:WARNING:pe_image_reader.cc(340)] could not read dos header from C:\Windows\SYSTEM32\ntdll.dll
[0225/153659.014:ERROR:process_memory_win.cc(73)] ReadMemory at 0x7ff814f20000 of 64 bytes failed: 仅完成部分的 ReadProcessMemory 或 WriteProcessMemory 请求。 (0x12B)
[0225/153659.014:WARNING:pe_image_reader.cc(340)] could not read dos header from C:\Windows\System32\KERNEL32.DLL
[0225/153659.014:ERROR:process_memory_win.cc(73)] ReadMemory at 0x7ff814020000 of 64 bytes failed: 仅完成部分的 ReadProcessMemory 或 WriteProcessMemory 请求。 (0x12B)
[0225/153659.014:WARNING:pe_image_reader.cc(340)] could not read dos header from C:\Windows\System32\KERNELBASE.dll
[0225/153659.014:ERROR:process_memory_win.cc(73)] ReadMemory at 0x7fffc1180000 of 64 bytes failed: 仅完成部分的 ReadProcessMemory 或 WriteProcessMemory 请求。 (0x12B)
[0225/153659.014:WARNING:pe_image_reader.cc(340)] could not read dos header from C:\Program Files (x86)\Google\Chrome\Application\79.0.3945.130\chrome_elf.dll
[0225/153659.014:ERROR:process_memory_win.cc(73)] ReadMemory at 0x7ff801850000 of 64 bytes failed: 仅完成部分的 ReadProcessMemory 或 WriteProcessMemory 请求。 (0x12B)
[0225/153659.014:WARNING:pe_image_reader.cc(340)] could not read dos header from C:\Windows\SYSTEM32\VERSION.dll
[0225/153659.014:ERROR:process_memory_win.cc(73)] ReadMemory at 0x7ff814970000 of 64 bytes failed: 仅完成部分的 ReadProcessMemory 或 WriteProcessMemory 请求。 (0x12B)
[0225/153659.014:WARNING:pe_image_reader.cc(340)] could not read dos header from C:\Windows\System32\msvcrt.dll
[0225/153659.014:ERROR:process_memory_win.cc(73)] ReadMemory at 0x7ff814350000 of 64 bytes failed: 仅完成部分的 ReadProcessMemory 或 WriteProcessMemory 请求。 (0x12B)
[0225/153659.014:WARNING:pe_image_reader.cc(340)] could not read dos header from C:\Windows\System32\bcryptPrimitives.dll
[0225/153659.014:ERROR:process_memory_win.cc(73)] ReadMemory at 0x7ff815150000 of 64 bytes failed: 仅完成部分的 ReadProcessMemory 或 WriteProcessMemory 请求。 (0x12B)
[0225/153659.014:WARNING:pe_image_reader.cc(340)] could not read dos header from C:\Windows\System32\ADVAPI32.dll
[0225/153659.014:ERROR:process_memory_win.cc(73)] ReadMemory at 0x7ff8157c0000 of 64 bytes failed: 仅完成部分的 ReadProcessMemory 或 WriteProcessMemory 请求。 (0x12B)
[0225/153659.014:WARNING:pe_image_reader.cc(340)] could not read dos header from C:\Windows\System32\sechost.dll
[0225/153659.014:ERROR:process_memory_win.cc(73)] ReadMemory at 0x7ff8154c0000 of 64 bytes failed: 仅完成部分的 ReadProcessMemory 或 WriteProcessMemory 请求。 (0x12B)
[0225/153659.014:WARNING:pe_image_reader.cc(340)] could not read dos header from C:\Windows\System32\RPCRT4.dll
[0225/153659.014:ERROR:process_memory_win.cc(73)] ReadMemory at 0x7fffb5420000 of 64 bytes failed: 仅完成部分的 ReadProcessMemory 或 WriteProcessMemory 请求。 (0x12B)
[0225/153659.014:WARNING:pe_image_reader.cc(340)] could not read dos header from C:\Program Files (x86)\Google\Chrome\Application\79.0.3945.130\chrome_child.dll
[0225/153659.014:ERROR:process_memory_win.cc(73)] ReadMemory at 0x7ff8170b0000 of 64 bytes failed: 仅完成部分的 ReadProcessMemory 或 WriteProcessMemory 请求。 (0x12B)
[0225/153659.014:WARNING:pe_image_reader.cc(340)] could not read dos header from C:\Windows\System32\OLEAUT32.dll
[0225/153659.014:ERROR:process_memory_win.cc(73)] ReadMemory at 0x7ff814520000 of 64 bytes failed: 仅完成部分的 ReadProcessMemory 或 WriteProcessMemory 请求。 (0x12B)
[0225/153659.014:WARNING:pe_image_reader.cc(340)] could not read dos header from C:\Windows\System32\msvcp_win.dll
[0225/153659.014:ERROR:process_memory_win.cc(73)] ReadMemory at 0x7ff8143d0000 of 64 bytes failed: 仅完成部分的 ReadProcessMemory 或 WriteProcessMemory 请求。 (0x12B)
[0225/153659.014:WARNING:pe_image_reader.cc(340)] could not read dos header from C:\Windows\System32\ucrtbase.dll
[0225/153659.014:ERROR:process_memory_win.cc(73)] ReadMemory at 0x7ff817180000 of 64 bytes failed: 仅完成部分的 ReadProcessMemory 或 WriteProcessMemory 请求。 (0x12B)
[0225/153659.014:WARNING:pe_image_reader.cc(340)] could not read dos header from C:\Windows\System32\combase.dll
[0225/153659.015:ERROR:process_memory_win.cc(73)] ReadMemory at 0x7ff815750000 of 64 bytes failed: 仅完成部分的 ReadProcessMemory 或 WriteProcessMemory 请求。 (0x12B)
[0225/153659.015:WARNING:pe_image_reader.cc(340)] could not read dos header from C:\Windows\System32\WS2_32.dll
[0225/153659.015:ERROR:process_memory_win.cc(73)] ReadMemory at 0x7ff8142c0000 of 64 bytes failed: 仅完成部分的 ReadProcessMemory 或 WriteProcessMemory 请求。 (0x12B)
[0225/153659.015:WARNING:pe_image_reader.cc(340)] could not read dos header from C:\Windows\System32\WINTRUST.dll
[0225/153659.015:ERROR:process_memory_win.cc(73)] ReadMemory at 0x7ff813550000 of 64 bytes failed: 仅完成部分的 ReadProcessMemory 或 WriteProcessMemory 请求。 (0x12B)
[0225/153659.015:WARNING:pe_image_reader.cc(340)] could not read dos header from C:\Windows\System32\MSASN1.dll
[0225/153659.015:ERROR:process_memory_win.cc(73)] ReadMemory at 0x7ff813600000 of 64 bytes failed: 仅完成部分的 ReadProcessMemory 或 WriteProcessMemory 请求。 (0x12B)
[0225/153659.015:WARNING:pe_image_reader.cc(340)] could not read dos header from C:\Windows\System32\CRYPT32.dll
[0225/153659.015:ERROR:process_memory_win.cc(73)] ReadMemory at 0x7ff812ac0000 of 64 bytes failed: 仅完成部分的 ReadProcessMemory 或 WriteProcessMemory 请求。 (0x12B)
[0225/153659.015:WARNING:pe_image_reader.cc(340)] could not read dos header from C:\Windows\SYSTEM32\IPHLPAPI.DLL
[0225/153659.015:ERROR:process_memory_win.cc(73)] ReadMemory at 0x7ff80ccc0000 of 64 bytes failed: 仅完成部分的 ReadProcessMemory 或 WriteProcessMemory 请求。 (0x12B)
[0225/153659.015:WARNING:pe_image_reader.cc(340)] could not read dos header from C:\Windows\SYSTEM32\WINMM.dll
[0225/153659.015:ERROR:process_memory_win.cc(73)] ReadMemory at 0x7ff813460000 of 64 bytes failed: 仅完成部分的 ReadProcessMemory 或 WriteProcessMemory 请求。 (0x12B)
[0225/153659.015:WARNING:pe_image_reader.cc(340)] could not read dos header from C:\Windows\SYSTEM32\USERENV.dll
[0225/153659.015:ERROR:process_memory_win.cc(73)] ReadMemory at 0x7ff813570000 of 64 bytes failed: 仅完成部分的 ReadProcessMemory 或 WriteProcessMemory 请求。 (0x12B)
[0225/153659.015:WARNING:pe_image_reader.cc(340)] could not read dos header from C:\Windows\System32\profapi.dll
[0225/153659.015:ERROR:process_memory_win.cc(73)] ReadMemory at 0x7ffff41a0000 of 64 bytes failed: 仅完成部分的 ReadProcessMemory 或 WriteProcessMemory 请求。 (0x12B)
[0225/153659.015:WARNING:pe_image_reader.cc(340)] could not read dos header from C:\Windows\SYSTEM32\DWrite.dll
[0225/153659.015:ERROR:process_memory_win.cc(73)] ReadMemory at 0x7ffff6cf0000 of 64 bytes failed: 仅完成部分的 ReadProcessMemory 或 WriteProcessMemory 请求。 (0x12B)
[0225/153659.015:WARNING:pe_image_reader.cc(340)] could not read dos header from C:\Windows\SYSTEM32\WINSPOOL.DRV
[0225/153659.015:ERROR:process_memory_win.cc(73)] ReadMemory at 0x7ff813530000 of 64 bytes failed: 仅完成部分的 ReadProcessMemory 或 WriteProcessMemory 请求。 (0x12B)
[0225/153659.015:WARNING:pe_image_reader.cc(340)] could not read dos header from C:\Windows\System32\kernel.appcore.dll
[0225/153659.015:ERROR:process_memory_win.cc(73)] ReadMemory at 0x7ff814320000 of 64 bytes failed: 仅完成部分的 ReadProcessMemory 或 WriteProcessMemory 请求。 (0x12B)
[0225/153659.015:WARNING:pe_image_reader.cc(340)] could not read dos header from C:\Windows\System32\bcrypt.dll
[0225/153659.015:ERROR:process_memory_win.cc(73)] ReadMemory at 0x7ff811ef0000 of 64 bytes failed: 仅完成部分的 ReadProcessMemory 或 WriteProcessMemory 请求。 (0x12B)
[0225/153659.015:WARNING:pe_image_reader.cc(340)] could not read dos header from C:\Windows\SYSTEM32\dbghelp.dll
[0225/153659.015:ERROR:process_memory_win.cc(73)] ReadMemory at 0x7ffff8220000 of 64 bytes failed: 仅完成部分的 ReadProcessMemory 或 WriteProcessMemory 请求。 (0x12B)
[0225/153659.015:WARNING:pe_image_reader.cc(340)] could not read dos header from C:\Windows\SYSTEM32\Secur32.dll
[0225/153659.015:ERROR:process_memory_win.cc(73)] ReadMemory at 0x7ff808250000 of 64 bytes failed: 仅完成部分的 ReadProcessMemory 或 WriteProcessMemory 请求。 (0x12B)
[0225/153659.015:WARNING:pe_image_reader.cc(340)] could not read dos header from C:\Windows\SYSTEM32\WINHTTP.dll
[0225/153659.015:ERROR:process_memory_win.cc(73)] ReadMemory at 0x7ff804f10000 of 64 bytes failed: 仅完成部分的 ReadProcessMemory 或 WriteProcessMemory 请求。 (0x12B)
[0225/153659.015:WARNING:pe_image_reader.cc(340)] could not read dos header from C:\Windows\SYSTEM32\dhcpcsvc.DLL
[0225/153659.015:ERROR:process_memory_win.cc(73)] ReadMemory at 0x7ff815740000 of 64 bytes failed: 仅完成部分的 ReadProcessMemory 或 WriteProcessMemory 请求。 (0x12B)
[0225/153659.015:WARNING:pe_image_reader.cc(340)] could not read dos header from C:\Windows\System32\NSI.dll
[0225/153659.015:ERROR:process_memory_win.cc(73)] ReadMemory at 0x7ff80cc90000 of 64 bytes failed: 仅完成部分的 ReadProcessMemory 或 WriteProcessMemory 请求。 (0x12B)
[0225/153659.015:WARNING:pe_image_reader.cc(340)] could not read dos header from C:\Windows\SYSTEM32\WINMMBASE.dll
[0225/153659.015:ERROR:process_memory_win.cc(73)] ReadMemory at 0x7ff8144d0000 of 64 bytes failed: 仅完成部分的 ReadProcessMemory 或 WriteProcessMemory 请求。 (0x12B)
[0225/153659.015:WARNING:pe_image_reader.cc(340)] could not read dos header from C:\Windows\System32\cfgmgr32.dll
[0225/153659.015:ERROR:process_memory_win.cc(73)] ReadMemory at 0x7ff811120000 of 64 bytes failed: 仅完成部分的 ReadProcessMemory 或 WriteProcessMemory 请求。 (0x12B)
[0225/153659.015:WARNING:pe_image_reader.cc(340)] could not read dos header from C:\Windows\SYSTEM32\PROPSYS.dll
[0225/153659.015:ERROR:process_memory_win.cc(73)] ReadMemory at 0x7ff815360000 of 64 bytes failed: 仅完成部分的 ReadProcessMemory 或 WriteProcessMemory 请求。 (0x12B)
[0225/153659.015:WARNING:pe_image_reader.cc(340)] could not read dos header from C:\Windows\System32\shcore.dll
[0225/153659.016:ERROR:process_memory_win.cc(73)] ReadMemory at 0x7ff813430000 of 64 bytes failed: 仅完成部分的 ReadProcessMemory 或 WriteProcessMemory 请求。 (0x12B)
[0225/153659.016:WARNING:pe_image_reader.cc(340)] could not read dos header from C:\Windows\SYSTEM32\SSPICLI.DLL
[0225/153659.016:ERROR:process_memory_win.cc(73)] ReadMemory at 0x7ff812f70000 of 64 bytes failed: 仅完成部分的 ReadProcessMemory 或 WriteProcessMemory 请求。 (0x12B)
[0225/153659.016:WARNING:pe_image_reader.cc(340)] could not read dos header from C:\Windows\SYSTEM32\CRYPTBASE.DLL
[0225/153659.016:ERROR:process_memory_win.cc(73)] ReadMemory at 0x7ff6490f0000 of 64 bytes failed: 仅完成部分的 ReadProcessMemory 或 WriteProcessMemory 请求。 (0x12B)
[0225/153659.016:WARNING:pe_image_reader.cc(340)] could not read dos header from C:\Program Files (x86)\Google\Chrome\Application\chrome.exe
[0225/153659.016:ERROR:process_memory_win.cc(73)] ReadMemory at 0x7ff817540000 of 64 bytes failed: 仅完成部分的 ReadProcessMemory 或 WriteProcessMemory 请求。 (0x12B)
[0225/153659.016:WARNING:pe_image_reader.cc(340)] could not read dos header from C:\Windows\SYSTEM32\ntdll.dll
[0225/153659.016:ERROR:process_memory_win.cc(73)] ReadMemory at 0x7ff814f20000 of 64 bytes failed: 仅完成部分的 ReadProcessMemory 或 WriteProcessMemory 请求。 (0x12B)
[0225/153659.016:WARNING:pe_image_reader.cc(340)] could not read dos header from C:\Windows\System32\KERNEL32.DLL
[0225/153659.016:ERROR:process_memory_win.cc(73)] ReadMemory at 0x7ff814020000 of 64 bytes failed: 仅完成部分的 ReadProcessMemory 或 WriteProcessMemory 请求。 (0x12B)
[0225/153659.016:WARNING:pe_image_reader.cc(340)] could not read dos header from C:\Windows\System32\KERNELBASE.dll
[0225/153659.016:ERROR:process_memory_win.cc(73)] ReadMemory at 0x7fffc1180000 of 64 bytes failed: 仅完成部分的 ReadProcessMemory 或 WriteProcessMemory 请求。 (0x12B)
[0225/153659.016:WARNING:pe_image_reader.cc(340)] could not read dos header from C:\Program Files (x86)\Google\Chrome\Application\79.0.3945.130\chrome_elf.dll
[0225/153659.016:ERROR:process_memory_win.cc(73)] ReadMemory at 0x7ff801850000 of 64 bytes failed: 仅完成部分的 ReadProcessMemory 或 WriteProcessMemory 请求。 (0x12B)
[0225/153659.016:WARNING:pe_image_reader.cc(340)] could not read dos header from C:\Windows\SYSTEM32\VERSION.dll
[0225/153659.016:ERROR:process_memory_win.cc(73)] ReadMemory at 0x7ff814970000 of 64 bytes failed: 仅完成部分的 ReadProcessMemory 或 WriteProcessMemory 请求。 (0x12B)
[0225/153659.016:WARNING:pe_image_reader.cc(340)] could not read dos header from C:\Windows\System32\msvcrt.dll
[0225/153659.016:ERROR:process_memory_win.cc(73)] ReadMemory at 0x7ff814350000 of 64 bytes failed: 仅完成部分的 ReadProcessMemory 或 WriteProcessMemory 请求。 (0x12B)
[0225/153659.016:WARNING:pe_image_reader.cc(340)] could not read dos header from C:\Windows\System32\bcryptPrimitives.dll
[0225/153659.016:ERROR:process_memory_win.cc(73)] ReadMemory at 0x7ff815150000 of 64 bytes failed: 仅完成部分的 ReadProcessMemory 或 WriteProcessMemory 请求。 (0x12B)
[0225/153659.016:WARNING:pe_image_reader.cc(340)] could not read dos header from C:\Windows\System32\ADVAPI32.dll
[0225/153659.016:ERROR:process_memory_win.cc(73)] ReadMemory at 0x7ff8157c0000 of 64 bytes failed: 仅完成部分的 ReadProcessMemory 或 WriteProcessMemory 请求。 (0x12B)
[0225/153659.016:WARNING:pe_image_reader.cc(340)] could not read dos header from C:\Windows\System32\sechost.dll
[0225/153659.016:ERROR:process_memory_win.cc(73)] ReadMemory at 0x7ff8154c0000 of 64 bytes failed: 仅完成部分的 ReadProcessMemory 或 WriteProcessMemory 请求。 (0x12B)
[0225/153659.016:WARNING:pe_image_reader.cc(340)] could not read dos header from C:\Windows\System32\RPCRT4.dll
[0225/153659.016:ERROR:process_memory_win.cc(73)] ReadMemory at 0x7fffb5420000 of 64 bytes failed: 仅完成部分的 ReadProcessMemory 或 WriteProcessMemory 请求。 (0x12B)
[0225/153659.016:WARNING:pe_image_reader.cc(340)] could not read dos header from C:\Program Files (x86)\Google\Chrome\Application\79.0.3945.130\chrome_child.dll
[0225/153659.016:ERROR:process_memory_win.cc(73)] ReadMemory at 0x7ff8170b0000 of 64 bytes failed: 仅完成部分的 ReadProcessMemory 或 WriteProcessMemory 请求。 (0x12B)
[0225/153659.016:WARNING:pe_image_reader.cc(340)] could not read dos header from C:\Windows\System32\OLEAUT32.dll
[0225/153659.016:ERROR:process_memory_win.cc(73)] ReadMemory at 0x7ff814520000 of 64 bytes failed: 仅完成部分的 ReadProcessMemory 或 WriteProcessMemory 请求。 (0x12B)
[0225/153659.016:WARNING:pe_image_reader.cc(340)] could not read dos header from C:\Windows\System32\msvcp_win.dll
[0225/153659.016:ERROR:process_memory_win.cc(73)] ReadMemory at 0x7ff8143d0000 of 64 bytes failed: 仅完成部分的 ReadProcessMemory 或 WriteProcessMemory 请求。 (0x12B)
[0225/153659.016:WARNING:pe_image_reader.cc(340)] could not read dos header from C:\Windows\System32\ucrtbase.dll
[0225/153659.016:ERROR:process_memory_win.cc(73)] ReadMemory at 0x7ff817180000 of 64 bytes failed: 仅完成部分的 ReadProcessMemory 或 WriteProcessMemory 请求。 (0x12B)
[0225/153659.016:WARNING:pe_image_reader.cc(340)] could not read dos header from C:\Windows\System32\combase.dll
[0225/153659.016:ERROR:process_memory_win.cc(73)] ReadMemory at 0x7ff815750000 of 64 bytes failed: 仅完成部分的 ReadProcessMemory 或 WriteProcessMemory 请求。 (0x12B)
[0225/153659.016:WARNING:pe_image_reader.cc(340)] could not read dos header from C:\Windows\System32\WS2_32.dll
[0225/153659.016:ERROR:process_memory_win.cc(73)] ReadMemory at 0x7ff8142c0000 of 64 bytes failed: 仅完成部分的 ReadProcessMemory 或 WriteProcessMemory 请求。 (0x12B)
[0225/153659.016:WARNING:pe_image_reader.cc(340)] could not read dos header from C:\Windows\System32\WINTRUST.dll
[0225/153659.016:ERROR:process_memory_win.cc(73)] ReadMemory at 0x7ff813550000 of 64 bytes failed: 仅完成部分的 ReadProcessMemory 或 WriteProcessMemory 请求。 (0x12B)
[0225/153659.016:WARNING:pe_image_reader.cc(340)] could not read dos header from C:\Windows\System32\MSASN1.dll
[0225/153659.016:ERROR:process_memory_win.cc(73)] ReadMemory at 0x7ff813600000 of 64 bytes failed: 仅完成部分的 ReadProcessMemory 或 WriteProcessMemory 请求。 (0x12B)
[0225/153659.016:WARNING:pe_image_reader.cc(340)] could not read dos header from C:\Windows\System32\CRYPT32.dll
[0225/153659.016:ERROR:process_memory_win.cc(73)] ReadMemory at 0x7ff812ac0000 of 64 bytes failed: 仅完成部分的 ReadProcessMemory 或 WriteProcessMemory 请求。 (0x12B)
[0225/153659.016:WARNING:pe_image_reader.cc(340)] could not read dos header from C:\Windows\SYSTEM32\IPHLPAPI.DLL
[0225/153659.017:ERROR:process_memory_win.cc(73)] ReadMemory at 0x7ff80ccc0000 of 64 bytes failed: 仅完成部分的 ReadProcessMemory 或 WriteProcessMemory 请求。 (0x12B)
[0225/153659.017:WARNING:pe_image_reader.cc(340)] could not read dos header from C:\Windows\SYSTEM32\WINMM.dll
[0225/153659.017:ERROR:process_memory_win.cc(73)] ReadMemory at 0x7ff813460000 of 64 bytes failed: 仅完成部分的 ReadProcessMemory 或 WriteProcessMemory 请求。 (0x12B)
[0225/153659.017:WARNING:pe_image_reader.cc(340)] could not read dos header from C:\Windows\SYSTEM32\USERENV.dll
[0225/153659.017:ERROR:process_memory_win.cc(73)] ReadMemory at 0x7ff813570000 of 64 bytes failed: 仅完成部分的 ReadProcessMemory 或 WriteProcessMemory 请求。 (0x12B)
[0225/153659.017:WARNING:pe_image_reader.cc(340)] could not read dos header from C:\Windows\System32\profapi.dll
[0225/153659.017:ERROR:process_memory_win.cc(73)] ReadMemory at 0x7ffff41a0000 of 64 bytes failed: 仅完成部分的 ReadProcessMemory 或 WriteProcessMemory 请求。 (0x12B)
[0225/153659.017:WARNING:pe_image_reader.cc(340)] could not read dos header from C:\Windows\SYSTEM32\DWrite.dll
[0225/153659.017:ERROR:process_memory_win.cc(73)] ReadMemory at 0x7ffff6cf0000 of 64 bytes failed: 仅完成部分的 ReadProcessMemory 或 WriteProcessMemory 请求。 (0x12B)
[0225/153659.017:WARNING:pe_image_reader.cc(340)] could not read dos header from C:\Windows\SYSTEM32\WINSPOOL.DRV
[0225/153659.017:ERROR:process_memory_win.cc(73)] ReadMemory at 0x7ff813530000 of 64 bytes failed: 仅完成部分的 ReadProcessMemory 或 WriteProcessMemory 请求。 (0x12B)
[0225/153659.017:WARNING:pe_image_reader.cc(340)] could not read dos header from C:\Windows\System32\kernel.appcore.dll
[0225/153659.017:ERROR:process_memory_win.cc(73)] ReadMemory at 0x7ff814320000 of 64 bytes failed: 仅完成部分的 ReadProcessMemory 或 WriteProcessMemory 请求。 (0x12B)
[0225/153659.017:WARNING:pe_image_reader.cc(340)] could not read dos header from C:\Windows\System32\bcrypt.dll
[0225/153659.017:ERROR:process_memory_win.cc(73)] ReadMemory at 0x7ff811ef0000 of 64 bytes failed: 仅完成部分的 ReadProcessMemory 或 WriteProcessMemory 请求。 (0x12B)
[0225/153659.017:WARNING:pe_image_reader.cc(340)] could not read dos header from C:\Windows\SYSTEM32\dbghelp.dll
[0225/153659.017:ERROR:process_memory_win.cc(73)] ReadMemory at 0x7ffff8220000 of 64 bytes failed: 仅完成部分的 ReadProcessMemory 或 WriteProcessMemory 请求。 (0x12B)
[0225/153659.017:WARNING:pe_image_reader.cc(340)] could not read dos header from C:\Windows\SYSTEM32\Secur32.dll
[0225/153659.017:ERROR:process_memory_win.cc(73)] ReadMemory at 0x7ff808250000 of 64 bytes failed: 仅完成部分的 ReadProcessMemory 或 WriteProcessMemory 请求。 (0x12B)
[0225/153659.017:WARNING:pe_image_reader.cc(340)] could not read dos header from C:\Windows\SYSTEM32\WINHTTP.dll
[0225/153659.017:ERROR:process_memory_win.cc(73)] ReadMemory at 0x7ff804f10000 of 64 bytes failed: 仅完成部分的 ReadProcessMemory 或 WriteProcessMemory 请求。 (0x12B)
[0225/153659.017:WARNING:pe_image_reader.cc(340)] could not read dos header from C:\Windows\SYSTEM32\dhcpcsvc.DLL
[0225/153659.017:ERROR:process_memory_win.cc(73)] ReadMemory at 0x7ff815740000 of 64 bytes failed: 仅完成部分的 ReadProcessMemory 或 WriteProcessMemory 请求。 (0x12B)
[0225/153659.017:WARNING:pe_image_reader.cc(340)] could not read dos header from C:\Windows\System32\NSI.dll
[0225/153659.017:ERROR:process_memory_win.cc(73)] ReadMemory at 0x7ff80cc90000 of 64 bytes failed: 仅完成部分的 ReadProcessMemory 或 WriteProcessMemory 请求。 (0x12B)
[0225/153659.017:WARNING:pe_image_reader.cc(340)] could not read dos header from C:\Windows\SYSTEM32\WINMMBASE.dll
[0225/153659.017:ERROR:process_memory_win.cc(73)] ReadMemory at 0x7ff8144d0000 of 64 bytes failed: 仅完成部分的 ReadProcessMemory 或 WriteProcessMemory 请求。 (0x12B)
[0225/153659.017:WARNING:pe_image_reader.cc(340)] could not read dos header from C:\Windows\System32\cfgmgr32.dll
[0225/153659.017:ERROR:process_memory_win.cc(73)] ReadMemory at 0x7ff811120000 of 64 bytes failed: 仅完成部分的 ReadProcessMemory 或 WriteProcessMemory 请求。 (0x12B)
[0225/153659.017:WARNING:pe_image_reader.cc(340)] could not read dos header from C:\Windows\SYSTEM32\PROPSYS.dll
[0225/153659.017:ERROR:process_memory_win.cc(73)] ReadMemory at 0x7ff815360000 of 64 bytes failed: 仅完成部分的 ReadProcessMemory 或 WriteProcessMemory 请求。 (0x12B)
[0225/153659.017:WARNING:pe_image_reader.cc(340)] could not read dos header from C:\Windows\System32\shcore.dll
[0225/153659.017:ERROR:process_memory_win.cc(73)] ReadMemory at 0x7ff813430000 of 64 bytes failed: 仅完成部分的 ReadProcessMemory 或 WriteProcessMemory 请求。 (0x12B)
[0225/153659.017:WARNING:pe_image_reader.cc(340)] could not read dos header from C:\Windows\SYSTEM32\SSPICLI.DLL
[0225/153659.017:ERROR:process_memory_win.cc(73)] ReadMemory at 0x7ff812f70000 of 64 bytes failed: 仅完成部分的 ReadProcessMemory 或 WriteProcessMemory 请求。 (0x12B)
[0225/153659.017:WARNING:pe_image_reader.cc(340)] could not read dos header from C:\Windows\SYSTEM32\CRYPTBASE.DLL
[0225/153659.020:ERROR:process_memory_win.cc(73)] ReadMemory at 0x3e5cff6000 of 40960 bytes failed: 仅完成部分的 ReadProcessMemory 或 WriteProcessMemory 请求。 (0x12B)
[0225/153659.021:ERROR:process_memory_win.cc(73)] ReadMemory at 0x3e5d7fd000 of 12288 bytes failed: 仅完成部分的 ReadProcessMemory 或 WriteProcessMemory 请求。 (0x12B)
[0225/153659.021:ERROR:process_memory_win.cc(73)] ReadMemory at 0x3e5dffd000 of 12288 bytes failed: 仅完成部分的 ReadProcessMemory 或 WriteProcessMemory 请求。 (0x12B)
[0225/153659.021:ERROR:process_memory_win.cc(73)] ReadMemory at 0x3e5e7fc000 of 16384 bytes failed: 仅完成部分的 ReadProcessMemory 或 WriteProcessMemory 请求。 (0x12B)
[0225/153659.021:ERROR:process_memory_win.cc(73)] ReadMemory at 0x3e5effc000 of 16384 bytes failed: 仅完成部分的 ReadProcessMemory 或 WriteProcessMemory 请求。 (0x12B)
[0225/153659.021:ERROR:process_memory_win.cc(73)] ReadMemory at 0x3e5f7fe000 of 8192 bytes failed: 仅完成部分的 ReadProcessMemory 或 WriteProcessMemory 请求。 (0x12B)
[0225/153659.021:ERROR:process_memory_win.cc(73)] ReadMemory at 0x3e5fffd000 of 12288 bytes failed: 仅完成部分的 ReadProcessMemory 或 WriteProcessMemory 请求。 (0x12B)
[0225/153659.021:ERROR:process_memory_win.cc(73)] ReadMemory at 0x3e607fb000 of 20480 bytes failed: 仅完成部分的 ReadProcessMemory 或 WriteProcessMemory 请求。 (0x12B)
[0225/153659.021:ERROR:process_memory_win.cc(73)] ReadMemory at 0x3e60ffd000 of 12288 bytes failed: 仅完成部分的 ReadProcessMemory 或 WriteProcessMemory 请求。 (0x12B)
[0225/153659.021:ERROR:process_memory_win.cc(73)] ReadMemory at 0x3e617fd000 of 12288 bytes failed: 仅完成部分的 ReadProcessMemory 或 WriteProcessMemory 请求。 (0x12B)
[0225/153659.021:ERROR:process_memory_win.cc(73)] ReadMemory at 0x3e61ffd000 of 12288 bytes failed: 仅完成部分的 ReadProcessMemory 或 WriteProcessMemory 请求。 (0x12B)
[0225/153659.021:ERROR:process_memory_win.cc(73)] ReadMemory at 0x3e627fd000 of 12288 bytes failed: 仅完成部分的 ReadProcessMemory 或 WriteProcessMemory 请求。 (0x12B)
[0225/153659.021:ERROR:process_memory_win.cc(73)] ReadMemory at 0x3e62ffd000 of 12288 bytes failed: 仅完成部分的 ReadProcessMemory 或 WriteProcessMemory 请求。 (0x12B)
[0225/153659.021:ERROR:process_memory_win.cc(73)] ReadMemory at 0x3e637fd000 of 12288 bytes failed: 仅完成部分的 ReadProcessMemory 或 WriteProcessMemory 请求。 (0x12B)
[0225/153659.021:ERROR:process_memory_win.cc(73)] ReadMemory at 0x3e63ffd000 of 12288 bytes failed: 仅完成部分的 ReadProcessMemory 或 WriteProcessMemory 请求。 (0x12B)
[0225/153659.021:ERROR:process_memory_win.cc(73)] ReadMemory at 0x3e647fc000 of 16384 bytes failed: 仅完成部分的 ReadProcessMemory 或 WriteProcessMemory 请求。 (0x12B)
[0225/153659.022:ERROR:process_memory_win.cc(73)] ReadMemory at 0x3e64ffd000 of 12288 bytes failed: 仅完成部分的 ReadProcessMemory 或 WriteProcessMemory 请求。 (0x12B)
[0225/153659.022:ERROR:process_memory_win.cc(73)] ReadMemory at 0x3e5c6f4000 of 852 bytes failed: 仅完成部分的 ReadProcessMemory 或 WriteProcessMemory 请求。 (0x12B)
[0225/153659.022:ERROR:process_memory_win.cc(73)] ReadMemory at 0x3e5c6f5000 of 6024 bytes failed: 仅完成部分的 ReadProcessMemory 或 WriteProcessMemory 请求。 (0x12B)
[0225/153659.022:ERROR:process_memory_win.cc(73)] ReadMemory at 0x3e5c6f7000 of 6024 bytes failed: 仅完成部分的 ReadProcessMemory 或 WriteProcessMemory 请求。 (0x12B)
[0225/153659.022:ERROR:process_memory_win.cc(73)] ReadMemory at 0x3e5c6f9000 of 6024 bytes failed: 仅完成部分的 ReadProcessMemory 或 WriteProcessMemory 请求。 (0x12B)
[0225/153659.022:ERROR:process_memory_win.cc(73)] ReadMemory at 0x3e5c6fb000 of 6024 bytes failed: 仅完成部分的 ReadProcessMemory 或 WriteProcessMemory 请求。 (0x12B)
[0225/153659.022:ERROR:process_memory_win.cc(73)] ReadMemory at 0x3e5c6fd000 of 6024 bytes failed: 仅完成部分的 ReadProcessMemory 或 WriteProcessMemory 请求。 (0x12B)
[0225/153659.022:ERROR:process_memory_win.cc(73)] ReadMemory at 0x3e5c6ff000 of 6024 bytes failed: 仅完成部分的 ReadProcessMemory 或 WriteProcessMemory 请求。 (0x12B)
[0225/153659.022:ERROR:process_memory_win.cc(73)] ReadMemory at 0x3e5c701000 of 6024 bytes failed: 仅完成部分的 ReadProcessMemory 或 WriteProcessMemory 请求。 (0x12B)
[0225/153659.022:ERROR:process_memory_win.cc(73)] ReadMemory at 0x3e5c703000 of 6024 bytes failed: 仅完成部分的 ReadProcessMemory 或 WriteProcessMemory 请求。 (0x12B)
[0225/153659.022:ERROR:process_memory_win.cc(73)] ReadMemory at 0x3e5c705000 of 6024 bytes failed: 仅完成部分的 ReadProcessMemory 或 WriteProcessMemory 请求。 (0x12B)
[0225/153659.022:ERROR:process_memory_win.cc(73)] ReadMemory at 0x3e5c707000 of 6024 bytes failed: 仅完成部分的 ReadProcessMemory 或 WriteProcessMemory 请求。 (0x12B)
[0225/153659.022:ERROR:process_memory_win.cc(73)] ReadMemory at 0x3e5c709000 of 6024 bytes failed: 仅完成部分的 ReadProcessMemory 或 WriteProcessMemory 请求。 (0x12B)
[0225/153659.022:ERROR:process_memory_win.cc(73)] ReadMemory at 0x3e5c70b000 of 6024 bytes failed: 仅完成部分的 ReadProcessMemory 或 WriteProcessMemory 请求。 (0x12B)
[0225/153659.022:ERROR:process_memory_win.cc(73)] ReadMemory at 0x3e5c70d000 of 6024 bytes failed: 仅完成部分的 ReadProcessMemory 或 WriteProcessMemory 请求。 (0x12B)
[0225/153659.022:ERROR:process_memory_win.cc(73)] ReadMemory at 0x3e5c70f000 of 6024 bytes failed: 仅完成部分的 ReadProcessMemory 或 WriteProcessMemory 请求。 (0x12B)
[0225/153659.022:ERROR:process_memory_win.cc(73)] ReadMemory at 0x3e5c711000 of 6024 bytes failed: 仅完成部分的 ReadProcessMemory 或 WriteProcessMemory 请求。 (0x12B)
[0225/153659.022:ERROR:process_memory_win.cc(73)] ReadMemory at 0x3e5c713000 of 6024 bytes failed: 仅完成部分的 ReadProcessMemory 或 WriteProcessMemory 请求。 (0x12B)
[0225/153659.022:ERROR:process_memory_win.cc(73)] ReadMemory at 0x3e5c715000 of 6024 bytes failed: 仅完成部分的 ReadProcessMemory 或 WriteProcessMemory 请求。 (0x12B)
[0225/153659.022:ERROR:process_memory_win.cc(73)] ReadMemory at 0x1422a4a0fe0 of 6030 bytes failed: 仅完成部分的 ReadProcessMemory 或 WriteProcessMemory 请求。 (0x12B)
[0225/153659.023:ERROR:process_memory_win.cc(73)] ReadMemory at 0x1422a4a2780 of 1012 bytes failed: 仅完成部分的 ReadProcessMemory 或 WriteProcessMemory 请求。 (0x12B)
[0225/153659.023:ERROR:process_memory_win.cc(73)] ReadMemory at 0x1422a4a2da8 of 118 bytes failed: 仅完成部分的 ReadProcessMemory 或 WriteProcessMemory 请求。 (0x12B)
[0225/153659.023:ERROR:process_memory_win.cc(73)] ReadMemory at 0x1422a4a2e20 of 860 bytes failed: 仅完成部分的 ReadProcessMemory 或 WriteProcessMemory 请求。 (0x12B)
[0225/153659.023:ERROR:process_memory_win.cc(73)] ReadMemory at 0x1422a4a317e of 118 bytes failed: 仅完成部分的 ReadProcessMemory 或 WriteProcessMemory 请求。 (0x12B)
[0225/153659.023:ERROR:process_memory_win.cc(73)] ReadMemory at 0x1422a4a31f6 of 94 bytes failed: 仅完成部分的 ReadProcessMemory 或 WriteProcessMemory 请求。 (0x12B)
[0225/153659.023:ERROR:process_memory_win.cc(73)] ReadMemory at 0x1422a4a3260 of 58 bytes failed: 仅完成部分的 ReadProcessMemory 或 WriteProcessMemory 请求。 (0x12B)
[0225/153659.023:ERROR:process_memory_win.cc(73)] ReadMemory at 0x1422a4a3360 of 132 bytes failed: 仅完成部分的 ReadProcessMemory 或 WriteProcessMemory 请求。 (0x12B)
[0225/153659.023:ERROR:process_memory_win.cc(73)] ReadMemory at 0x1422a4a34f0 of 132 bytes failed: 仅完成部分的 ReadProcessMemory 或 WriteProcessMemory 请求。 (0x12B)
[0225/153659.023:ERROR:process_memory_win.cc(73)] ReadMemory at 0x1422a4a36b0 of 126 bytes failed: 仅完成部分的 ReadProcessMemory 或 WriteProcessMemory 请求。 (0x12B)
[0225/153659.023:ERROR:process_memory_win.cc(73)] ReadMemory at 0x1422a4a3a90 of 132 bytes failed: 仅完成部分的 ReadProcessMemory 或 WriteProcessMemory 请求。 (0x12B)
[0225/153659.023:ERROR:process_memory_win.cc(73)] ReadMemory at 0x1422a4a3c20 of 64 bytes failed: 仅完成部分的 ReadProcessMemory 或 WriteProcessMemory 请求。 (0x12B)
[0225/153659.023:ERROR:process_memory_win.cc(73)] ReadMemory at 0x1422a4a3c70 of 132 bytes failed: 仅完成部分的 ReadProcessMemory 或 WriteProcessMemory 请求。 (0x12B)
[0225/153659.023:ERROR:process_memory_win.cc(73)] ReadMemory at 0x1422a4a3de0 of 132 bytes failed: 仅完成部分的 ReadProcessMemory 或 WriteProcessMemory 请求。 (0x12B)
[0225/153659.023:ERROR:process_memory_win.cc(73)] ReadMemory at 0x1422a4a4080 of 132 bytes failed: 仅完成部分的 ReadProcessMemory 或 WriteProcessMemory 请求。 (0x12B)
[0225/153659.023:ERROR:process_memory_win.cc(73)] ReadMemory at 0x1422a4a4210 of 68 bytes failed: 仅完成部分的 ReadProcessMemory 或 WriteProcessMemory 请求。 (0x12B)
[0225/153659.023:ERROR:process_memory_win.cc(73)] ReadMemory at 0x1422a4a50c0 of 158 bytes failed: 仅完成部分的 ReadProcessMemory 或 WriteProcessMemory 请求。 (0x12B)
[0225/153659.023:ERROR:process_memory_win.cc(73)] ReadMemory at 0x1422a4a51a0 of 132 bytes failed: 仅完成部分的 ReadProcessMemory 或 WriteProcessMemory 请求。 (0x12B)
[0225/153659.023:ERROR:process_memory_win.cc(73)] ReadMemory at 0x1422a4a5330 of 154 bytes failed: 仅完成部分的 ReadProcessMemory 或 WriteProcessMemory 请求。 (0x12B)
[0225/153659.023:ERROR:process_memory_win.cc(73)] ReadMemory at 0x1422a4a6150 of 62 bytes failed: 仅完成部分的 ReadProcessMemory 或 WriteProcessMemory 请求。 (0x12B)
[0225/153659.023:ERROR:process_memory_win.cc(73)] ReadMemory at 0x1422a4a62b0 of 132 bytes failed: 仅完成部分的 ReadProcessMemory 或 WriteProcessMemory 请求。 (0x12B)
[0225/153659.023:ERROR:process_memory_win.cc(73)] ReadMemory at 0x1422a4a6440 of 60 bytes failed: 仅完成部分的 ReadProcessMemory 或 WriteProcessMemory 请求。 (0x12B)
[0225/153659.023:ERROR:process_memory_win.cc(73)] ReadMemory at 0x1422a4a66c0 of 132 bytes failed: 仅完成部分的 ReadProcessMemory 或 WriteProcessMemory 请求。 (0x12B)
[0225/153659.023:ERROR:process_memory_win.cc(73)] ReadMemory at 0x1422a4a7dcc of 512 bytes failed: 仅完成部分的 ReadProcessMemory 或 WriteProcessMemory 请求。 (0x12B)
[0225/153659.023:ERROR:process_memory_win.cc(73)] ReadMemory at 0x1422a4aadf0 of 132 bytes failed: 仅完成部分的 ReadProcessMemory 或 WriteProcessMemory 请求。 (0x12B)
[0225/153659.023:ERROR:process_memory_win.cc(73)] ReadMemory at 0x1422a4aaf20 of 132 bytes failed: 仅完成部分的 ReadProcessMemory 或 WriteProcessMemory 请求。 (0x12B)
[0225/153659.023:ERROR:process_memory_win.cc(73)] ReadMemory at 0x1422a4ab0b0 of 80 bytes failed: 仅完成部分的 ReadProcessMemory 或 WriteProcessMemory 请求。 (0x12B)
[0225/153659.023:ERROR:process_memory_win.cc(73)] ReadMemory at 0x1422a4ab250 of 62 bytes failed: 仅完成部分的 ReadProcessMemory 或 WriteProcessMemory 请求。 (0x12B)
[0225/153659.023:ERROR:process_memory_win.cc(73)] ReadMemory at 0x1422a4ab2a0 of 60 bytes failed: 仅完成部分的 ReadProcessMemory 或 WriteProcessMemory 请求。 (0x12B)
[0225/153659.023:ERROR:process_memory_win.cc(73)] ReadMemory at 0x1422a4ab3e0 of 64 bytes failed: 仅完成部分的 ReadProcessMemory 或 WriteProcessMemory 请求。 (0x12B)
[0225/153659.024:ERROR:process_memory_win.cc(73)] ReadMemory at 0x1422a4ab520 of 62 bytes failed: 仅完成部分的 ReadProcessMemory 或 WriteProcessMemory 请求。 (0x12B)
[0225/153659.024:ERROR:process_memory_win.cc(73)] ReadMemory at 0x1422a4ab5c0 of 64 bytes failed: 仅完成部分的 ReadProcessMemory 或 WriteProcessMemory 请求。 (0x12B)
[0225/153659.024:ERROR:process_memory_win.cc(73)] ReadMemory at 0x1422a4ab610 of 66 bytes failed: 仅完成部分的 ReadProcessMemory 或 WriteProcessMemory 请求。 (0x12B)
[0225/153659.024:ERROR:process_memory_win.cc(73)] ReadMemory at 0x1422a4ab7a0 of 64 bytes failed: 仅完成部分的 ReadProcessMemory 或 WriteProcessMemory 请求。 (0x12B)
[0225/153659.024:ERROR:process_memory_win.cc(73)] ReadMemory at 0x1422a4ab7f0 of 60 bytes failed: 仅完成部分的 ReadProcessMemory 或 WriteProcessMemory 请求。 (0x12B)
[0225/153659.024:ERROR:process_memory_win.cc(73)] ReadMemory at 0x1422a4ab840 of 64 bytes failed: 仅完成部分的 ReadProcessMemory 或 WriteProcessMemory 请求。 (0x12B)
[0225/153659.024:ERROR:process_memory_win.cc(73)] ReadMemory at 0x1422a4abe60 of 132 bytes failed: 仅完成部分的 ReadProcessMemory 或 WriteProcessMemory 请求。 (0x12B)
[0225/153659.024:ERROR:process_memory_win.cc(73)] ReadMemory at 0x1422a4abf90 of 132 bytes failed: 仅完成部分的 ReadProcessMemory 或 WriteProcessMemory 请求。 (0x12B)
[0225/153659.024:ERROR:process_memory_win.cc(73)] ReadMemory at 0x1422a4ac0c0 of 132 bytes failed: 仅完成部分的 ReadProcessMemory 或 WriteProcessMemory 请求。 (0x12B)
[0225/153659.024:ERROR:process_memory_win.cc(73)] ReadMemory at 0x1422a4ac1f0 of 132 bytes failed: 仅完成部分的 ReadProcessMemory 或 WriteProcessMemory 请求。 (0x12B)
[0225/153659.024:ERROR:process_memory_win.cc(73)] ReadMemory at 0x1422a4ac320 of 132 bytes failed: 仅完成部分的 ReadProcessMemory 或 WriteProcessMemory 请求。 (0x12B)
[0225/153659.024:ERROR:process_memory_win.cc(73)] ReadMemory at 0x1422a4ac450 of 132 bytes failed: 仅完成部分的 ReadProcessMemory 或 WriteProcessMemory 请求。 (0x12B)
[0225/153659.024:ERROR:process_memory_win.cc(73)] ReadMemory at 0x1422a4ac580 of 132 bytes failed: 仅完成部分的 ReadProcessMemory 或 WriteProcessMemory 请求。 (0x12B)
[0225/153659.024:ERROR:process_memory_win.cc(73)] ReadMemory at 0x1422a4ac6b0 of 132 bytes failed: 仅完成部分的 ReadProcessMemory 或 WriteProcessMemory 请求。 (0x12B)
[0225/153659.024:ERROR:process_memory_win.cc(73)] ReadMemory at 0x1422a4ac7e0 of 132 bytes failed: 仅完成部分的 ReadProcessMemory 或 WriteProcessMemory 请求。 (0x12B)
[0225/153659.024:ERROR:process_memory_win.cc(73)] ReadMemory at 0x1422a4ac910 of 132 bytes failed: 仅完成部分的 ReadProcessMemory 或 WriteProcessMemory 请求。 (0x12B)
[0225/153659.024:ERROR:process_memory_win.cc(73)] ReadMemory at 0x1422a4aca40 of 132 bytes failed: 仅完成部分的 ReadProcessMemory 或 WriteProcessMemory 请求。 (0x12B)
[0225/153659.024:ERROR:process_memory_win.cc(73)] ReadMemory at 0x1422a4acca0 of 132 bytes failed: 仅完成部分的 ReadProcessMemory 或 WriteProcessMemory 请求。 (0x12B)
[0225/153659.024:ERROR:process_memory_win.cc(73)] ReadMemory at 0x1422a4af6d0 of 54 bytes failed: 仅完成部分的 ReadProcessMemory 或 WriteProcessMemory 请求。 (0x12B)
[0225/153659.024:ERROR:process_memory_win.cc(73)] ReadMemory at 0x1422a4b0170 of 132 bytes failed: 仅完成部分的 ReadProcessMemory 或 WriteProcessMemory 请求。 (0x12B)
[0225/153659.024:ERROR:process_memory_win.cc(73)] ReadMemory at 0x1422a4b12e0 of 132 bytes failed: 仅完成部分的 ReadProcessMemory 或 WriteProcessMemory 请求。 (0x12B)
[0225/153659.024:ERROR:process_memory_win.cc(73)] ReadMemory at 0x1422a4b2dd0 of 132 bytes failed: 仅完成部分的 ReadProcessMemory 或 WriteProcessMemory 请求。 (0x12B)
[0225/153659.024:ERROR:process_memory_win.cc(73)] ReadMemory at 0x1422a4b2f00 of 132 bytes failed: 仅完成部分的 ReadProcessMemory 或 WriteProcessMemory 请求。 (0x12B)
[0225/153659.024:ERROR:process_memory_win.cc(73)] ReadMemory at 0x1422a4b31e0 of 132 bytes failed: 仅完成部分的 ReadProcessMemory 或 WriteProcessMemory 请求。 (0x12B)
[0225/153659.024:ERROR:process_memory_win.cc(73)] ReadMemory at 0x1422a4b5ca0 of 76 bytes failed: 仅完成部分的 ReadProcessMemory 或 WriteProcessMemory 请求。 (0x12B)
[0225/153659.024:ERROR:process_memory_win.cc(73)] ReadMemory at 0x1422a4b6650 of 60 bytes failed: 仅完成部分的 ReadProcessMemory 或 WriteProcessMemory 请求。 (0x12B)
[0225/153659.024:ERROR:process_memory_win.cc(73)] ReadMemory at 0x1422a4b66f0 of 62 bytes failed: 仅完成部分的 ReadProcessMemory 或 WriteProcessMemory 请求。 (0x12B)
[0225/153659.024:ERROR:process_memory_win.cc(73)] ReadMemory at 0x1422a4b6740 of 62 bytes failed: 仅完成部分的 ReadProcessMemory 或 WriteProcessMemory 请求。 (0x12B)
[0225/153659.024:ERROR:process_memory_win.cc(73)] ReadMemory at 0x1422a4b6790 of 62 bytes failed: 仅完成部分的 ReadProcessMemory 或 WriteProcessMemory 请求。 (0x12B)
[0225/153659.024:ERROR:process_memory_win.cc(73)] ReadMemory at 0x1422a4b6ab0 of 62 bytes failed: 仅完成部分的 ReadProcessMemory 或 WriteProcessMemory 请求。 (0x12B)
[0225/153659.024:ERROR:process_memory_win.cc(73)] ReadMemory at 0x1422a4b6b50 of 62 bytes failed: 仅完成部分的 ReadProcessMemory 或 WriteProcessMemory 请求。 (0x12B)
[0225/153659.024:ERROR:process_memory_win.cc(73)] ReadMemory at 0x1422a4b6ec0 of 62 bytes failed: 仅完成部分的 ReadProcessMemory 或 WriteProcessMemory 请求。 (0x12B)
[0225/153659.024:ERROR:process_memory_win.cc(73)] ReadMemory at 0x1422a4b7050 of 60 bytes failed: 仅完成部分的 ReadProcessMemory 或 WriteProcessMemory 请求。 (0x12B)
[0225/153659.025:ERROR:process_memory_win.cc(73)] ReadMemory at 0x1422a4b70a0 of 62 bytes failed: 仅完成部分的 ReadProcessMemory 或 WriteProcessMemory 请求。 (0x12B)
[0225/153659.025:ERROR:process_memory_win.cc(73)] ReadMemory at 0x1422a4b70f0 of 64 bytes failed: 仅完成部分的 ReadProcessMemory 或 WriteProcessMemory 请求。 (0x12B)
[0225/153659.025:ERROR:process_memory_win.cc(73)] ReadMemory at 0x1422a4b72d0 of 62 bytes failed: 仅完成部分的 ReadProcessMemory 或 WriteProcessMemory 请求。 (0x12B)
[0225/153659.025:ERROR:process_memory_win.cc(73)] ReadMemory at 0x1422a4b7320 of 58 bytes failed: 仅完成部分的 ReadProcessMemory 或 WriteProcessMemory 请求。 (0x12B)
[0225/153659.025:ERROR:process_memory_win.cc(73)] ReadMemory at 0x1422a4b7370 of 64 bytes failed: 仅完成部分的 ReadProcessMemory 或 WriteProcessMemory 请求。 (0x12B)
[0225/153659.025:ERROR:process_memory_win.cc(73)] ReadMemory at 0x1422a4b73c0 of 60 bytes failed: 仅完成部分的 ReadProcessMemory 或 WriteProcessMemory 请求。 (0x12B)
[0225/153659.025:ERROR:process_memory_win.cc(73)] ReadMemory at 0x1422a4b7410 of 60 bytes failed: 仅完成部分的 ReadProcessMemory 或 WriteProcessMemory 请求。 (0x12B)
[0225/153659.025:ERROR:process_memory_win.cc(73)] ReadMemory at 0x1422a4b7460 of 64 bytes failed: 仅完成部分的 ReadProcessMemory 或 WriteProcessMemory 请求。 (0x12B)
[0225/153659.025:ERROR:process_memory_win.cc(73)] ReadMemory at 0x1422a4b7500 of 66 bytes failed: 仅完成部分的 ReadProcessMemory 或 WriteProcessMemory 请求。 (0x12B)
[0225/153659.025:ERROR:process_memory_win.cc(73)] ReadMemory at 0x1422a4b75a0 of 64 bytes failed: 仅完成部分的 ReadProcessMemory 或 WriteProcessMemory 请求。 (0x12B)
[0225/153659.025:ERROR:process_memory_win.cc(73)] ReadMemory at 0x1422a4b7ed0 of 132 bytes failed: 仅完成部分的 ReadProcessMemory 或 WriteProcessMemory 请求。 (0x12B)
[0225/153659.025:ERROR:process_memory_win.cc(73)] ReadMemory at 0x1422a4b8000 of 132 bytes failed: 仅完成部分的 ReadProcessMemory 或 WriteProcessMemory 请求。 (0x12B)
[0225/153659.025:ERROR:process_memory_win.cc(73)] ReadMemory at 0x1422a4b8260 of 132 bytes failed: 仅完成部分的 ReadProcessMemory 或 WriteProcessMemory 请求。 (0x12B)
[0225/153659.025:ERROR:process_memory_win.cc(73)] ReadMemory at 0x1422a4b8390 of 132 bytes failed: 仅完成部分的 ReadProcessMemory 或 WriteProcessMemory 请求。 (0x12B)
[0225/153659.025:ERROR:process_memory_win.cc(73)] ReadMemory at 0x1422a4b8980 of 132 bytes failed: 仅完成部分的 ReadProcessMemory 或 WriteProcessMemory 请求。 (0x12B)
[0225/153659.025:ERROR:process_memory_win.cc(73)] ReadMemory at 0x1422a4b8f70 of 132 bytes failed: 仅完成部分的 ReadProcessMemory 或 WriteProcessMemory 请求。 (0x12B)
[0225/153659.025:ERROR:process_memory_win.cc(73)] ReadMemory at 0x1422a4b91d0 of 132 bytes failed: 仅完成部分的 ReadProcessMemory 或 WriteProcessMemory 请求。 (0x12B)
[0225/153659.025:ERROR:process_memory_win.cc(73)] ReadMemory at 0x1422a4b9430 of 132 bytes failed: 仅完成部分的 ReadProcessMemory 或 WriteProcessMemory 请求。 (0x12B)
[0225/153659.025:ERROR:process_memory_win.cc(73)] ReadMemory at 0x1422a4b9b50 of 132 bytes failed: 仅完成部分的 ReadProcessMemory 或 WriteProcessMemory 请求。 (0x12B)
[0225/153659.025:ERROR:process_memory_win.cc(73)] ReadMemory at 0x1422a4b9c80 of 132 bytes failed: 仅完成部分的 ReadProcessMemory 或 WriteProcessMemory 请求。 (0x12B)
[0225/153659.025:ERROR:process_memory_win.cc(73)] ReadMemory at 0x1422a4cea30 of 512 bytes failed: 仅完成部分的 ReadProcessMemory 或 WriteProcessMemory 请求。 (0x12B)
[0225/153659.025:ERROR:process_memory_win.cc(73)] ReadMemory at 0x1422a4d1740 of 512 bytes failed: 仅完成部分的 ReadProcessMemory 或 WriteProcessMemory 请求。 (0x12B)
[0225/153659.025:ERROR:process_memory_win.cc(73)] ReadMemory at 0x1422a8e5aa0 of 512 bytes failed: 仅完成部分的 ReadProcessMemory 或 WriteProcessMemory 请求。 (0x12B)
[0225/153659.025:ERROR:process_memory_win.cc(73)] ReadMemory at 0x1422a8e6160 of 512 bytes failed: 仅完成部分的 ReadProcessMemory 或 WriteProcessMemory 请求。 (0x12B)
[0225/153659.025:ERROR:process_memory_win.cc(73)] ReadMemory at 0x1422a8ebeb0 of 512 bytes failed: 仅完成部分的 ReadProcessMemory 或 WriteProcessMemory 请求。 (0x12B)
[0225/153659.025:ERROR:process_memory_win.cc(73)] ReadMemory at 0x1422a8ec4c0 of 512 bytes failed: 仅完成部分的 ReadProcessMemory 或 WriteProcessMemory 请求。 (0x12B)
[0225/153659.025:ERROR:process_memory_win.cc(73)] ReadMemory at 0x1422a8eebf0 of 512 bytes failed: 仅完成部分的 ReadProcessMemory 或 WriteProcessMemory 请求。 (0x12B)
[0225/153659.025:ERROR:process_memory_win.cc(73)] ReadMemory at 0x1422a8f1d70 of 512 bytes failed: 仅完成部分的 ReadProcessMemory 或 WriteProcessMemory 请求。 (0x12B)
[0225/153659.025:ERROR:process_memory_win.cc(73)] ReadMemory at 0x1422a8f2280 of 512 bytes failed: 仅完成部分的 ReadProcessMemory 或 WriteProcessMemory 请求。 (0x12B)
[0225/153659.025:ERROR:process_memory_win.cc(73)] ReadMemory at 0x1422a8f5ce0 of 512 bytes failed: 仅完成部分的 ReadProcessMemory 或 WriteProcessMemory 请求。 (0x12B)
[0225/153659.025:ERROR:process_memory_win.cc(73)] ReadMemory at 0x1422a903280 of 712 bytes failed: 仅完成部分的 ReadProcessMemory 或 WriteProcessMemory 请求。 (0x12B)
[0225/153659.026:ERROR:process_memory_win.cc(73)] ReadMemory at 0x1422a905d50 of 512 bytes failed: 仅完成部分的 ReadProcessMemory 或 WriteProcessMemory 请求。 (0x12B)
[0225/153659.026:ERROR:process_memory_win.cc(73)] ReadMemory at 0x1422c7bfbc0 of 512 bytes failed: 仅完成部分的 ReadProcessMemory 或 WriteProcessMemory 请求。 (0x12B)
[0225/153659.026:ERROR:process_memory_win.cc(73)] ReadMemory at 0x1422c7e9150 of 512 bytes failed: 仅完成部分的 ReadProcessMemory 或 WriteProcessMemory 请求。 (0x12B)
[0225/153659.026:ERROR:process_memory_win.cc(73)] ReadMemory at 0x1422c7f03a8 of 512 bytes failed: 仅完成部分的 ReadProcessMemory 或 WriteProcessMemory 请求。 (0x12B)
[0225/153659.026:ERROR:process_memory_win.cc(73)] ReadMemory at 0x1422c7f05e8 of 656 bytes failed: 仅完成部分的 ReadProcessMemory 或 WriteProcessMemory 请求。 (0x12B)
[0225/153659.026:ERROR:process_memory_win.cc(73)] ReadMemory at 0x1422c7f1518 of 656 bytes failed: 仅完成部分的 ReadProcessMemory 或 WriteProcessMemory 请求。 (0x12B)
[0225/153659.026:ERROR:process_memory_win.cc(73)] ReadMemory at 0x1422c8b4c50 of 512 bytes failed: 仅完成部分的 ReadProcessMemory 或 WriteProcessMemory 请求。 (0x12B)
[0225/153659.026:ERROR:process_memory_win.cc(73)] ReadMemory at 0x1422c8da1a0 of 512 bytes failed: 仅完成部分的 ReadProcessMemory 或 WriteProcessMemory 请求。 (0x12B)
[0225/153659.026:ERROR:process_memory_win.cc(73)] ReadMemory at 0x1422c8dc998 of 512 bytes failed: 仅完成部分的 ReadProcessMemory 或 WriteProcessMemory 请求。 (0x12B)
[0225/153659.026:ERROR:process_memory_win.cc(73)] ReadMemory at 0x1422c9e0050 of 512 bytes failed: 仅完成部分的 ReadProcessMemory 或 WriteProcessMemory 请求。 (0x12B)
[0225/153659.026:ERROR:process_memory_win.cc(73)] ReadMemory at 0x1422d95e220 of 512 bytes failed: 仅完成部分的 ReadProcessMemory 或 WriteProcessMemory 请求。 (0x12B)
[0225/153659.026:ERROR:process_memory_win.cc(73)] ReadMemory at 0x1422d981d50 of 512 bytes failed: 仅完成部分的 ReadProcessMemory 或 WriteProcessMemory 请求。 (0x12B)
[0225/153659.026:ERROR:process_memory_win.cc(73)] ReadMemory at 0x1f2bea648740 of 512 bytes failed: 仅完成部分的 ReadProcessMemory 或 WriteProcessMemory 请求。 (0x12B)
[0225/153659.026:ERROR:process_memory_win.cc(73)] ReadMemory at 0x7ff81758ff00 of 512 bytes failed: 仅完成部分的 ReadProcessMemory 或 WriteProcessMemory 请求。 (0x12B)
[0225/153659.026:ERROR:process_memory_win.cc(73)] ReadMemory at 0x7ff8175df754 of 672 bytes failed: 仅完成部分的 ReadProcessMemory 或 WriteProcessMemory 请求。 (0x12B)
[0225/153659.026:ERROR:process_memory_win.cc(73)] ReadMemory at 0x7ff8175dfd54 of 512 bytes failed: 仅完成部分的 ReadProcessMemory 或 WriteProcessMemory 请求。 (0x12B)
[0225/153659.026:ERROR:process_memory_win.cc(73)] ReadMemory at 0x7ff8175e2fe4 of 608 bytes failed: 仅完成部分的 ReadProcessMemory 或 WriteProcessMemory 请求。 (0x12B)
[0225/153659.026:ERROR:process_memory_win.cc(73)] ReadMemory at 0x7ff81766c0c8 of 18 bytes failed: 仅完成部分的 ReadProcessMemory 或 WriteProcessMemory 请求。 (0x12B)
[0225/153659.026:ERROR:process_memory_win.cc(73)] ReadMemory at 0x7ff81769f4f8 of 40 bytes failed: 仅完成部分的 ReadProcessMemory 或 WriteProcessMemory 请求。 (0x12B)
[0225/153659.026:ERROR:process_memory_win.cc(73)] ReadMemory at 0x7ff81769f978 of 48 bytes failed: 仅完成部分的 ReadProcessMemory 或 WriteProcessMemory 请求。 (0x12B)
[0225/153659.026:ERROR:process_memory_win.cc(73)] ReadMemory at 0x7ff8176a53a0 of 64 bytes failed: 仅完成部分的 ReadProcessMemory 或 WriteProcessMemory 请求。 (0x12B)
[0225/153659.026:ERROR:process_memory_win.cc(73)] ReadMemory at 0x7fffb6edf0ec of 512 bytes failed: 仅完成部分的 ReadProcessMemory 或 WriteProcessMemory 请求。 (0x12B)
[0225/153659.026:ERROR:process_memory_win.cc(73)] ReadMemory at 0x7fffb7ccf151 of 512 bytes failed: 仅完成部分的 ReadProcessMemory 或 WriteProcessMemory 请求。 (0x12B)
[0225/153659.026:ERROR:process_memory_win.cc(73)] ReadMemory at 0x7fffba5984e8 of 512 bytes failed: 仅完成部分的 ReadProcessMemory 或 WriteProcessMemory 请求。 (0x12B)
[0225/153659.027:ERROR:scoped_process_suspend.cc(40)] NtResumeProcess: 已尝试访问正在退出的过程。 (0xc000010a)
